

<!DOCTYPE html>
<html>
<head>
<meta charset="UTF-8">
<meta name="viewport" content="width=device-width, initial-scale=1, shrink-to-fit=no">
<title>Automation Endlink Webapp</title>
<link rel="apple-touch-icon" href="https://cdn.jsdelivr.net/gh/extent-framework/extent-github-cdn@b00a2d0486596e73dd7326beacf352c639623a0e/commons/img/logo.png">
<link rel="shortcut icon" href="https://cdn.jsdelivr.net/gh/extent-framework/extent-github-cdn@b00a2d0486596e73dd7326beacf352c639623a0e/commons/img/logo.png">
<link href="https://cdn.jsdelivr.net/gh/extent-framework/extent-github-cdn@ce8b10435bcbae260c334c0d0c6b61d2c19b6168/spark/css/spark-style.css" rel="stylesheet" />
<link href="https://stackpath.bootstrapcdn.com/font-awesome/4.7.0/css/font-awesome.min.css" rel="stylesheet">
<script src="https://cdn.jsdelivr.net/gh/extent-framework/extent-github-cdn@7cc78ce/spark/js/jsontree.js"></script>
<style type="text/css"></style></head><body class="spa -report dark">
  <div class="app">
    <div class="layout">
<div class="header navbar">
<div class="vheader">
<div class="nav-logo">
<a href="#">
<div class="logo" style="background-image: url('https://cdn.jsdelivr.net/gh/extent-framework/extent-github-cdn@b00a2d0486596e73dd7326beacf352c639623a0e/commons/img/logo.png')"></div>
</a>
</div>
<ul class="nav-left">
<li class="search-box">
<a class="search-toggle" href="#">
<i class="search-icon fa fa-search"></i>
<i class="search-icon-close fa fa-close"></i>
</a>
</li>
<li class="search-input"><input id="search-tests" class="form-control" type="text" placeholder="Search..."></li>
</ul>
<ul class="nav-right">
<li class="m-r-10">
<a href="#"><span class="badge badge-primary">Automation tests results by Endlink QA Team</span></a>
</li>
<li class="m-r-10">
<a href="#"><span class="badge badge-primary">Sept 26, 2025 09:56:06 am</span></a>
</li>
</ul>
</div>
</div><div class="side-nav">
<div class="side-nav-inner">
<ul class="side-nav-menu">
<li class="nav-item dropdown" onclick="toggleView('test-view')">
<a id="nav-test" class="dropdown-toggle" href="#">
<span class="ico"><i class="fa fa-list"></i></span>
</a>
</li>
<li class="nav-item dropdown" onclick="toggleView('dashboard-view')">
<a id="nav-dashboard" class="dropdown-toggle" href="#">
<span class="ico"><i class="fa fa-bar-chart"></i></span>
</a>
</li>
</ul>
</div>
</div>      <div class="vcontainer">
        <div class="main-content">
<div class="test-wrapper row view test-view">
  <div class="test-list">
    <div class="test-list-tools">
<ul class="tools pull-left">
<li><a href="#"><span class="font-size-14">Tests</span></a></li>
</ul>
<ul class="tools text-right">
<li class="dropdown">
<a href="#" class="dropdown-toggle" data-toggle="dropdown"><i class="fa fa-exclamation-circle"></i></a>
<ul id="status-toggle" class="dropdown-menu dropdown-md p-v-0">
<a class="dropdown-item" status="pass" href="#"><span>Pass</span><span class="status success"></span></a>
<a class="dropdown-item" status="fail" href="#"><span>Fail</span><span class="status danger"></span></a>
<div class="dropdown-divider"></div>
<a status="clear" class="dropdown-item" href="#"><span>Clear</span><span class="pull-right"><i class="fa fa-close"></i></span></a>
</ul>
</li>
</ul>
</div>    <div class="test-list-wrapper scrollable">
      <ul class="test-list-item">
        <li class="test-item"  status="fail" test-id="1"
          author=""
          tag=""
          device="">
          <div class="test-detail">
            <p class="name">Test case method : sendMessageToCoworker</p>
            <p class="text-sm">
              <span>9:56:29 am</span> / <span>00:00:00:094</span>
              <span class="badge fail-bg log float-right">Fail</span>
            </p>
          </div>
          <div class="test-contents d-none">
<div class="detail-head">
<div class="p-v-10">
<div class="info">
<h5 class="test-status text-fail">Test case method : sendMessageToCoworker</h5>
<span class='badge badge-success'>09.26.2025 9:56:29 am</span>
<span class='badge badge-danger'>09.26.2025 9:56:29 am</span>
<span class='badge badge-default'>00:00:00:094</span>
&middot; <span class='uri-anchor badge badge-default'>#test-id=1</span>
<span title='Skip to the next failed step' class='badge badge-danger pointer float-right ne ml-1'><i class="fa fa-fast-forward"></i></span>
<span title='Collapse all nodes' class='badge badge-default pointer float-right ct ml-1'><i class="fa fa-compress"></i></span>
<span title='Expand all nodes' class='badge badge-default pointer float-right et'><i class="fa fa-expand"></i></span>
</div>
</div>
</div>    <div class="row mb-3"><div class="col-md-3">
    

<img data-featherlight='C:\ProgramData\Jenkins\.jenkins\workspace\Endlink_Web_Automation\test-output\screenshots\sendMessageToCoworker_2025.09.26.09.56.29.png' src="C:\ProgramData\Jenkins\.jenkins\workspace\Endlink_Web_Automation\test-output\screenshots\sendMessageToCoworker_2025.09.26.09.56.29.png">
  
    

    </div></div>
<div class="detail-body mt-4">
<table class="table table-sm">
  <thead><tr><th class="status-col">Status</th><th class="timestamp-col">Timestamp</th><th class="details-col">Details</th></tr></thead>
  <tbody>
      <tr class="event-row">
        <td><span class="badge log skip-bg">Skip</span></td>
        <td>9:56:29 am</td>
        <td>
          <span class='badge white-text orange'>sendMessageToCoworker - Test case skipped </span>
        </td>
      </tr>
      <tr class="event-row">
        <td><span class="badge log fail-bg">Fail</span></td>
        <td>9:56:29 am</td>
        <td>
          <span class='badge white-text orange'>org.openqa.selenium.NoSuchElementException: no such element: Unable to locate element: {"method":"xpath","selector":"//div[@class='src-components-molecules-searchrecipient-___searchrecipient-m__name___3Y21z']"}
  (Session info: chrome=140.0.7339.207)
For documentation on this error, please visit: https://www.selenium.dev/documentation/webdriver/troubleshooting/errors#no-such-element-exception
Build info: version: '4.25.0', revision: '8a8aea2337'
System info: os.name: 'Windows 11', os.arch: 'amd64', os.version: '10.0', java.version: '21.0.1'
Driver info: org.openqa.selenium.chrome.ChromeDriver
Command: [8c6331aa16fcbea9cd9bd168ba3f515b, findElement {using=xpath, value=//div[@class='src-components-molecules-searchrecipient-___searchrecipient-m__name___3Y21z']}]
Capabilities {acceptInsecureCerts: false, browserName: chrome, browserVersion: 140.0.7339.207, chrome: {chromedriverVersion: 140.0.7339.207 (17230b545fd..., userDataDir: C:\WINDOWS\SystemTemp\scope...}, fedcm:accounts: true, goog:chromeOptions: {debuggerAddress: localhost:58961}, networkConnectionEnabled: false, pageLoadStrategy: normal, platformName: windows, proxy: Proxy(), se:cdp: ws://localhost:58961/devtoo..., se:cdpVersion: 140.0.7339.207, setWindowRect: true, strictFileInteractability: false, timeouts: {implicit: 0, pageLoad: 300000, script: 30000}, unhandledPromptBehavior: dismiss and notify, webauthn:extension:credBlob: true, webauthn:extension:largeBlob: true, webauthn:extension:minPinLength: true, webauthn:extension:prf: true, webauthn:virtualAuthenticators: true}
Session ID: 8c6331aa16fcbea9cd9bd168ba3f515b - Test case failed </span>
        </td>
      </tr>
  </tbody>
</table>
</div>
          </div>
        </li>
        <li class="test-item"  status="pass" test-id="2"
          author=""
          tag=""
          device="">
          <div class="test-detail">
            <p class="name">Test case method : sendMessageToCoworker</p>
            <p class="text-sm">
              <span>9:57:16 am</span> / <span>00:00:00:115</span>
              <span class="badge pass-bg log float-right">Pass</span>
            </p>
          </div>
          <div class="test-contents d-none">
<div class="detail-head">
<div class="p-v-10">
<div class="info">
<h5 class="test-status text-pass">Test case method : sendMessageToCoworker</h5>
<span class='badge badge-success'>09.26.2025 9:57:16 am</span>
<span class='badge badge-danger'>09.26.2025 9:57:16 am</span>
<span class='badge badge-default'>00:00:00:115</span>
&middot; <span class='uri-anchor badge badge-default'>#test-id=2</span>
<span title='Skip to the next failed step' class='badge badge-danger pointer float-right ne ml-1'><i class="fa fa-fast-forward"></i></span>
<span title='Collapse all nodes' class='badge badge-default pointer float-right ct ml-1'><i class="fa fa-compress"></i></span>
<span title='Expand all nodes' class='badge badge-default pointer float-right et'><i class="fa fa-expand"></i></span>
</div>
</div>
</div>    <div class="row mb-3"><div class="col-md-3">
    

<img data-featherlight='C:\ProgramData\Jenkins\.jenkins\workspace\Endlink_Web_Automation\test-output\screenshots\sendMessageToCoworker_2025.09.26.09.57.16.png' src="C:\ProgramData\Jenkins\.jenkins\workspace\Endlink_Web_Automation\test-output\screenshots\sendMessageToCoworker_2025.09.26.09.57.16.png">
  
    

    </div></div>
<div class="detail-body mt-4">
<table class="table table-sm">
  <thead><tr><th class="status-col">Status</th><th class="timestamp-col">Timestamp</th><th class="details-col">Details</th></tr></thead>
  <tbody>
      <tr class="event-row">
        <td><span class="badge log pass-bg">Pass</span></td>
        <td>9:57:16 am</td>
        <td>
          <span class='badge white-text green'>sendMessageToCoworker - Test case passed </span>
        </td>
      </tr>
  </tbody>
</table>
</div>
          </div>
        </li>
        <li class="test-item"  status="pass" test-id="3"
          author=""
          tag=""
          device="">
          <div class="test-detail">
            <p class="name">Test case method : sendMessageInGroup</p>
            <p class="text-sm">
              <span>9:57:53 am</span> / <span>00:00:00:071</span>
              <span class="badge pass-bg log float-right">Pass</span>
            </p>
          </div>
          <div class="test-contents d-none">
<div class="detail-head">
<div class="p-v-10">
<div class="info">
<h5 class="test-status text-pass">Test case method : sendMessageInGroup</h5>
<span class='badge badge-success'>09.26.2025 9:57:53 am</span>
<span class='badge badge-danger'>09.26.2025 9:57:53 am</span>
<span class='badge badge-default'>00:00:00:071</span>
&middot; <span class='uri-anchor badge badge-default'>#test-id=3</span>
<span title='Skip to the next failed step' class='badge badge-danger pointer float-right ne ml-1'><i class="fa fa-fast-forward"></i></span>
<span title='Collapse all nodes' class='badge badge-default pointer float-right ct ml-1'><i class="fa fa-compress"></i></span>
<span title='Expand all nodes' class='badge badge-default pointer float-right et'><i class="fa fa-expand"></i></span>
</div>
</div>
</div>    <div class="row mb-3"><div class="col-md-3">
    

<img data-featherlight='C:\ProgramData\Jenkins\.jenkins\workspace\Endlink_Web_Automation\test-output\screenshots\sendMessageInGroup_2025.09.26.09.57.53.png' src="C:\ProgramData\Jenkins\.jenkins\workspace\Endlink_Web_Automation\test-output\screenshots\sendMessageInGroup_2025.09.26.09.57.53.png">
  
    

    </div></div>
<div class="detail-body mt-4">
<table class="table table-sm">
  <thead><tr><th class="status-col">Status</th><th class="timestamp-col">Timestamp</th><th class="details-col">Details</th></tr></thead>
  <tbody>
      <tr class="event-row">
        <td><span class="badge log pass-bg">Pass</span></td>
        <td>9:57:53 am</td>
        <td>
          <span class='badge white-text green'>sendMessageInGroup - Test case passed </span>
        </td>
      </tr>
  </tbody>
</table>
</div>
          </div>
        </li>
        <li class="test-item"  status="fail" test-id="4"
          author=""
          tag=""
          device="">
          <div class="test-detail">
            <p class="name">Test case method : sendPdfToCoworker</p>
            <p class="text-sm">
              <span>9:58:19 am</span> / <span>00:00:00:099</span>
              <span class="badge fail-bg log float-right">Fail</span>
            </p>
          </div>
          <div class="test-contents d-none">
<div class="detail-head">
<div class="p-v-10">
<div class="info">
<h5 class="test-status text-fail">Test case method : sendPdfToCoworker</h5>
<span class='badge badge-success'>09.26.2025 9:58:19 am</span>
<span class='badge badge-danger'>09.26.2025 9:58:19 am</span>
<span class='badge badge-default'>00:00:00:099</span>
&middot; <span class='uri-anchor badge badge-default'>#test-id=4</span>
<span title='Skip to the next failed step' class='badge badge-danger pointer float-right ne ml-1'><i class="fa fa-fast-forward"></i></span>
<span title='Collapse all nodes' class='badge badge-default pointer float-right ct ml-1'><i class="fa fa-compress"></i></span>
<span title='Expand all nodes' class='badge badge-default pointer float-right et'><i class="fa fa-expand"></i></span>
</div>
</div>
</div>    <div class="row mb-3"><div class="col-md-3">
    

<img data-featherlight='C:\ProgramData\Jenkins\.jenkins\workspace\Endlink_Web_Automation\test-output\screenshots\sendPdfToCoworker_2025.09.26.09.58.19.png' src="C:\ProgramData\Jenkins\.jenkins\workspace\Endlink_Web_Automation\test-output\screenshots\sendPdfToCoworker_2025.09.26.09.58.19.png">
  
    

    </div></div>
<div class="detail-body mt-4">
<table class="table table-sm">
  <thead><tr><th class="status-col">Status</th><th class="timestamp-col">Timestamp</th><th class="details-col">Details</th></tr></thead>
  <tbody>
      <tr class="event-row">
        <td><span class="badge log skip-bg">Skip</span></td>
        <td>9:58:19 am</td>
        <td>
          <span class='badge white-text orange'>sendPdfToCoworker - Test case skipped </span>
        </td>
      </tr>
      <tr class="event-row">
        <td><span class="badge log fail-bg">Fail</span></td>
        <td>9:58:19 am</td>
        <td>
          <span class='badge white-text orange'>org.openqa.selenium.InvalidArgumentException: invalid argument: File not found : /Users/prathameshingale/Desktop/Endlink Automation/Endlink_WebAutomation/src/test/resources/TestFile.pdf
  (Session info: chrome=140.0.7339.207)
Build info: version: '4.25.0', revision: '8a8aea2337'
System info: os.name: 'Windows 11', os.arch: 'amd64', os.version: '10.0', java.version: '21.0.1'
Driver info: org.openqa.selenium.chrome.ChromeDriver
Command: [8c6331aa16fcbea9cd9bd168ba3f515b, sendKeysToElement {id=f.9648DFF93E0817805748FA4F498B5D6A.d.4BBDFBEFDF5651721DF0956A21377F34.e.461, value=[Ljava.lang.CharSequence;@1934ad7c}]
Capabilities {acceptInsecureCerts: false, browserName: chrome, browserVersion: 140.0.7339.207, chrome: {chromedriverVersion: 140.0.7339.207 (17230b545fd..., userDataDir: C:\WINDOWS\SystemTemp\scope...}, fedcm:accounts: true, goog:chromeOptions: {debuggerAddress: localhost:58961}, networkConnectionEnabled: false, pageLoadStrategy: normal, platformName: windows, proxy: Proxy(), se:cdp: ws://localhost:58961/devtoo..., se:cdpVersion: 140.0.7339.207, setWindowRect: true, strictFileInteractability: false, timeouts: {implicit: 0, pageLoad: 300000, script: 30000}, unhandledPromptBehavior: dismiss and notify, webauthn:extension:credBlob: true, webauthn:extension:largeBlob: true, webauthn:extension:minPinLength: true, webauthn:extension:prf: true, webauthn:virtualAuthenticators: true}
Element: [[ChromeDriver: chrome on windows (8c6331aa16fcbea9cd9bd168ba3f515b)] -> id: file-input]
Session ID: 8c6331aa16fcbea9cd9bd168ba3f515b - Test case failed </span>
        </td>
      </tr>
  </tbody>
</table>
</div>
          </div>
        </li>
        <li class="test-item"  status="fail" test-id="5"
          author=""
          tag=""
          device="">
          <div class="test-detail">
            <p class="name">Test case method : sendPdfToCoworker</p>
            <p class="text-sm">
              <span>9:58:45 am</span> / <span>00:00:00:112</span>
              <span class="badge fail-bg log float-right">Fail</span>
            </p>
          </div>
          <div class="test-contents d-none">
<div class="detail-head">
<div class="p-v-10">
<div class="info">
<h5 class="test-status text-fail">Test case method : sendPdfToCoworker</h5>
<span class='badge badge-success'>09.26.2025 9:58:45 am</span>
<span class='badge badge-danger'>09.26.2025 9:58:45 am</span>
<span class='badge badge-default'>00:00:00:112</span>
&middot; <span class='uri-anchor badge badge-default'>#test-id=5</span>
<span title='Skip to the next failed step' class='badge badge-danger pointer float-right ne ml-1'><i class="fa fa-fast-forward"></i></span>
<span title='Collapse all nodes' class='badge badge-default pointer float-right ct ml-1'><i class="fa fa-compress"></i></span>
<span title='Expand all nodes' class='badge badge-default pointer float-right et'><i class="fa fa-expand"></i></span>
</div>
</div>
</div>    <div class="row mb-3"><div class="col-md-3">
    

<img data-featherlight='C:\ProgramData\Jenkins\.jenkins\workspace\Endlink_Web_Automation\test-output\screenshots\sendPdfToCoworker_2025.09.26.09.58.45.png' src="C:\ProgramData\Jenkins\.jenkins\workspace\Endlink_Web_Automation\test-output\screenshots\sendPdfToCoworker_2025.09.26.09.58.45.png">
  
    

    </div></div>
<div class="detail-body mt-4">
<table class="table table-sm">
  <thead><tr><th class="status-col">Status</th><th class="timestamp-col">Timestamp</th><th class="details-col">Details</th></tr></thead>
  <tbody>
      <tr class="event-row">
        <td><span class="badge log fail-bg">Fail</span></td>
        <td>9:58:45 am</td>
        <td>
          <span class='badge white-text red'>sendPdfToCoworker - Test case failed </span>
        </td>
      </tr>
      <tr class="event-row">
        <td><span class="badge log fail-bg">Fail</span></td>
        <td>9:58:45 am</td>
        <td>
          <span class='badge white-text red'>org.openqa.selenium.InvalidArgumentException: invalid argument: File not found : /Users/prathameshingale/Desktop/Endlink Automation/Endlink_WebAutomation/src/test/resources/TestFile.pdf
  (Session info: chrome=140.0.7339.207)
Build info: version: '4.25.0', revision: '8a8aea2337'
System info: os.name: 'Windows 11', os.arch: 'amd64', os.version: '10.0', java.version: '21.0.1'
Driver info: org.openqa.selenium.chrome.ChromeDriver
Command: [8c6331aa16fcbea9cd9bd168ba3f515b, sendKeysToElement {id=f.9648DFF93E0817805748FA4F498B5D6A.d.852A8EF274761F0DFC43C8AD89F98734.e.587, value=[Ljava.lang.CharSequence;@1fd7a37}]
Capabilities {acceptInsecureCerts: false, browserName: chrome, browserVersion: 140.0.7339.207, chrome: {chromedriverVersion: 140.0.7339.207 (17230b545fd..., userDataDir: C:\WINDOWS\SystemTemp\scope...}, fedcm:accounts: true, goog:chromeOptions: {debuggerAddress: localhost:58961}, networkConnectionEnabled: false, pageLoadStrategy: normal, platformName: windows, proxy: Proxy(), se:cdp: ws://localhost:58961/devtoo..., se:cdpVersion: 140.0.7339.207, setWindowRect: true, strictFileInteractability: false, timeouts: {implicit: 0, pageLoad: 300000, script: 30000}, unhandledPromptBehavior: dismiss and notify, webauthn:extension:credBlob: true, webauthn:extension:largeBlob: true, webauthn:extension:minPinLength: true, webauthn:extension:prf: true, webauthn:virtualAuthenticators: true}
Element: [[ChromeDriver: chrome on windows (8c6331aa16fcbea9cd9bd168ba3f515b)] -> id: file-input]
Session ID: 8c6331aa16fcbea9cd9bd168ba3f515b - Test case failed </span>
        </td>
      </tr>
  </tbody>
</table>
</div>
          </div>
        </li>
        <li class="test-item"  status="fail" test-id="6"
          author=""
          tag=""
          device="">
          <div class="test-detail">
            <p class="name">Test case method : sendImageToCoworker</p>
            <p class="text-sm">
              <span>9:59:10 am</span> / <span>00:00:00:131</span>
              <span class="badge fail-bg log float-right">Fail</span>
            </p>
          </div>
          <div class="test-contents d-none">
<div class="detail-head">
<div class="p-v-10">
<div class="info">
<h5 class="test-status text-fail">Test case method : sendImageToCoworker</h5>
<span class='badge badge-success'>09.26.2025 9:59:10 am</span>
<span class='badge badge-danger'>09.26.2025 9:59:10 am</span>
<span class='badge badge-default'>00:00:00:131</span>
&middot; <span class='uri-anchor badge badge-default'>#test-id=6</span>
<span title='Skip to the next failed step' class='badge badge-danger pointer float-right ne ml-1'><i class="fa fa-fast-forward"></i></span>
<span title='Collapse all nodes' class='badge badge-default pointer float-right ct ml-1'><i class="fa fa-compress"></i></span>
<span title='Expand all nodes' class='badge badge-default pointer float-right et'><i class="fa fa-expand"></i></span>
</div>
</div>
</div>    <div class="row mb-3"><div class="col-md-3">
    

<img data-featherlight='C:\ProgramData\Jenkins\.jenkins\workspace\Endlink_Web_Automation\test-output\screenshots\sendImageToCoworker_2025.09.26.09.59.10.png' src="C:\ProgramData\Jenkins\.jenkins\workspace\Endlink_Web_Automation\test-output\screenshots\sendImageToCoworker_2025.09.26.09.59.10.png">
  
    

    </div></div>
<div class="detail-body mt-4">
<table class="table table-sm">
  <thead><tr><th class="status-col">Status</th><th class="timestamp-col">Timestamp</th><th class="details-col">Details</th></tr></thead>
  <tbody>
      <tr class="event-row">
        <td><span class="badge log skip-bg">Skip</span></td>
        <td>9:59:10 am</td>
        <td>
          <span class='badge white-text orange'>sendImageToCoworker - Test case skipped </span>
        </td>
      </tr>
      <tr class="event-row">
        <td><span class="badge log fail-bg">Fail</span></td>
        <td>9:59:10 am</td>
        <td>
          <span class='badge white-text orange'>org.openqa.selenium.InvalidArgumentException: invalid argument: File not found : /Users/prathameshingale/Desktop/Endlink Automation/Endlink_WebAutomation/src/test/resources/TestFile.pdf
  (Session info: chrome=140.0.7339.207)
Build info: version: '4.25.0', revision: '8a8aea2337'
System info: os.name: 'Windows 11', os.arch: 'amd64', os.version: '10.0', java.version: '21.0.1'
Driver info: org.openqa.selenium.chrome.ChromeDriver
Command: [8c6331aa16fcbea9cd9bd168ba3f515b, sendKeysToElement {id=f.9648DFF93E0817805748FA4F498B5D6A.d.CD02ABC0AF22A82740879864A20E93EA.e.688, value=[Ljava.lang.CharSequence;@902fdbe}]
Capabilities {acceptInsecureCerts: false, browserName: chrome, browserVersion: 140.0.7339.207, chrome: {chromedriverVersion: 140.0.7339.207 (17230b545fd..., userDataDir: C:\WINDOWS\SystemTemp\scope...}, fedcm:accounts: true, goog:chromeOptions: {debuggerAddress: localhost:58961}, networkConnectionEnabled: false, pageLoadStrategy: normal, platformName: windows, proxy: Proxy(), se:cdp: ws://localhost:58961/devtoo..., se:cdpVersion: 140.0.7339.207, setWindowRect: true, strictFileInteractability: false, timeouts: {implicit: 0, pageLoad: 300000, script: 30000}, unhandledPromptBehavior: dismiss and notify, webauthn:extension:credBlob: true, webauthn:extension:largeBlob: true, webauthn:extension:minPinLength: true, webauthn:extension:prf: true, webauthn:virtualAuthenticators: true}
Element: [[ChromeDriver: chrome on windows (8c6331aa16fcbea9cd9bd168ba3f515b)] -> id: image-input]
Session ID: 8c6331aa16fcbea9cd9bd168ba3f515b - Test case failed </span>
        </td>
      </tr>
  </tbody>
</table>
</div>
          </div>
        </li>
        <li class="test-item"  status="fail" test-id="7"
          author=""
          tag=""
          device="">
          <div class="test-detail">
            <p class="name">Test case method : sendImageToCoworker</p>
            <p class="text-sm">
              <span>9:59:36 am</span> / <span>00:00:00:134</span>
              <span class="badge fail-bg log float-right">Fail</span>
            </p>
          </div>
          <div class="test-contents d-none">
<div class="detail-head">
<div class="p-v-10">
<div class="info">
<h5 class="test-status text-fail">Test case method : sendImageToCoworker</h5>
<span class='badge badge-success'>09.26.2025 9:59:36 am</span>
<span class='badge badge-danger'>09.26.2025 9:59:36 am</span>
<span class='badge badge-default'>00:00:00:134</span>
&middot; <span class='uri-anchor badge badge-default'>#test-id=7</span>
<span title='Skip to the next failed step' class='badge badge-danger pointer float-right ne ml-1'><i class="fa fa-fast-forward"></i></span>
<span title='Collapse all nodes' class='badge badge-default pointer float-right ct ml-1'><i class="fa fa-compress"></i></span>
<span title='Expand all nodes' class='badge badge-default pointer float-right et'><i class="fa fa-expand"></i></span>
</div>
</div>
</div>    <div class="row mb-3"><div class="col-md-3">
    

<img data-featherlight='C:\ProgramData\Jenkins\.jenkins\workspace\Endlink_Web_Automation\test-output\screenshots\sendImageToCoworker_2025.09.26.09.59.36.png' src="C:\ProgramData\Jenkins\.jenkins\workspace\Endlink_Web_Automation\test-output\screenshots\sendImageToCoworker_2025.09.26.09.59.36.png">
  
    

    </div></div>
<div class="detail-body mt-4">
<table class="table table-sm">
  <thead><tr><th class="status-col">Status</th><th class="timestamp-col">Timestamp</th><th class="details-col">Details</th></tr></thead>
  <tbody>
      <tr class="event-row">
        <td><span class="badge log fail-bg">Fail</span></td>
        <td>9:59:36 am</td>
        <td>
          <span class='badge white-text red'>sendImageToCoworker - Test case failed </span>
        </td>
      </tr>
      <tr class="event-row">
        <td><span class="badge log fail-bg">Fail</span></td>
        <td>9:59:36 am</td>
        <td>
          <span class='badge white-text red'>org.openqa.selenium.InvalidArgumentException: invalid argument: File not found : /Users/prathameshingale/Desktop/Endlink Automation/Endlink_WebAutomation/src/test/resources/TestFile.pdf
  (Session info: chrome=140.0.7339.207)
Build info: version: '4.25.0', revision: '8a8aea2337'
System info: os.name: 'Windows 11', os.arch: 'amd64', os.version: '10.0', java.version: '21.0.1'
Driver info: org.openqa.selenium.chrome.ChromeDriver
Command: [8c6331aa16fcbea9cd9bd168ba3f515b, sendKeysToElement {id=f.9648DFF93E0817805748FA4F498B5D6A.d.83CC540F161D6468C8C3BDBE04964A5C.e.816, value=[Ljava.lang.CharSequence;@7cf63b9a}]
Capabilities {acceptInsecureCerts: false, browserName: chrome, browserVersion: 140.0.7339.207, chrome: {chromedriverVersion: 140.0.7339.207 (17230b545fd..., userDataDir: C:\WINDOWS\SystemTemp\scope...}, fedcm:accounts: true, goog:chromeOptions: {debuggerAddress: localhost:58961}, networkConnectionEnabled: false, pageLoadStrategy: normal, platformName: windows, proxy: Proxy(), se:cdp: ws://localhost:58961/devtoo..., se:cdpVersion: 140.0.7339.207, setWindowRect: true, strictFileInteractability: false, timeouts: {implicit: 0, pageLoad: 300000, script: 30000}, unhandledPromptBehavior: dismiss and notify, webauthn:extension:credBlob: true, webauthn:extension:largeBlob: true, webauthn:extension:minPinLength: true, webauthn:extension:prf: true, webauthn:virtualAuthenticators: true}
Element: [[ChromeDriver: chrome on windows (8c6331aa16fcbea9cd9bd168ba3f515b)] -> id: image-input]
Session ID: 8c6331aa16fcbea9cd9bd168ba3f515b - Test case failed </span>
        </td>
      </tr>
  </tbody>
</table>
</div>
          </div>
        </li>
        <li class="test-item"  status="fail" test-id="8"
          author=""
          tag=""
          device="">
          <div class="test-detail">
            <p class="name">Test case method : sendVideoToCoworker</p>
            <p class="text-sm">
              <span>10:00:01 am</span> / <span>00:00:00:106</span>
              <span class="badge fail-bg log float-right">Fail</span>
            </p>
          </div>
          <div class="test-contents d-none">
<div class="detail-head">
<div class="p-v-10">
<div class="info">
<h5 class="test-status text-fail">Test case method : sendVideoToCoworker</h5>
<span class='badge badge-success'>09.26.2025 10:00:01 am</span>
<span class='badge badge-danger'>09.26.2025 10:00:01 am</span>
<span class='badge badge-default'>00:00:00:106</span>
&middot; <span class='uri-anchor badge badge-default'>#test-id=8</span>
<span title='Skip to the next failed step' class='badge badge-danger pointer float-right ne ml-1'><i class="fa fa-fast-forward"></i></span>
<span title='Collapse all nodes' class='badge badge-default pointer float-right ct ml-1'><i class="fa fa-compress"></i></span>
<span title='Expand all nodes' class='badge badge-default pointer float-right et'><i class="fa fa-expand"></i></span>
</div>
</div>
</div>    <div class="row mb-3"><div class="col-md-3">
    

<img data-featherlight='C:\ProgramData\Jenkins\.jenkins\workspace\Endlink_Web_Automation\test-output\screenshots\sendVideoToCoworker_2025.09.26.10.00.01.png' src="C:\ProgramData\Jenkins\.jenkins\workspace\Endlink_Web_Automation\test-output\screenshots\sendVideoToCoworker_2025.09.26.10.00.01.png">
  
    

    </div></div>
<div class="detail-body mt-4">
<table class="table table-sm">
  <thead><tr><th class="status-col">Status</th><th class="timestamp-col">Timestamp</th><th class="details-col">Details</th></tr></thead>
  <tbody>
      <tr class="event-row">
        <td><span class="badge log skip-bg">Skip</span></td>
        <td>10:00:01 am</td>
        <td>
          <span class='badge white-text orange'>sendVideoToCoworker - Test case skipped </span>
        </td>
      </tr>
      <tr class="event-row">
        <td><span class="badge log fail-bg">Fail</span></td>
        <td>10:00:01 am</td>
        <td>
          <span class='badge white-text orange'>org.openqa.selenium.InvalidArgumentException: invalid argument: File not found : /Users/prathameshingale/Desktop/Endlink Automation/Endlink_WebAutomation/src/test/resources/TestFile.pdf
  (Session info: chrome=140.0.7339.207)
Build info: version: '4.25.0', revision: '8a8aea2337'
System info: os.name: 'Windows 11', os.arch: 'amd64', os.version: '10.0', java.version: '21.0.1'
Driver info: org.openqa.selenium.chrome.ChromeDriver
Command: [8c6331aa16fcbea9cd9bd168ba3f515b, sendKeysToElement {id=f.9648DFF93E0817805748FA4F498B5D6A.d.5924AB76CA2C09D11C97C718FA68F404.e.943, value=[Ljava.lang.CharSequence;@1e76afeb}]
Capabilities {acceptInsecureCerts: false, browserName: chrome, browserVersion: 140.0.7339.207, chrome: {chromedriverVersion: 140.0.7339.207 (17230b545fd..., userDataDir: C:\WINDOWS\SystemTemp\scope...}, fedcm:accounts: true, goog:chromeOptions: {debuggerAddress: localhost:58961}, networkConnectionEnabled: false, pageLoadStrategy: normal, platformName: windows, proxy: Proxy(), se:cdp: ws://localhost:58961/devtoo..., se:cdpVersion: 140.0.7339.207, setWindowRect: true, strictFileInteractability: false, timeouts: {implicit: 0, pageLoad: 300000, script: 30000}, unhandledPromptBehavior: dismiss and notify, webauthn:extension:credBlob: true, webauthn:extension:largeBlob: true, webauthn:extension:minPinLength: true, webauthn:extension:prf: true, webauthn:virtualAuthenticators: true}
Element: [[ChromeDriver: chrome on windows (8c6331aa16fcbea9cd9bd168ba3f515b)] -> id: video-input]
Session ID: 8c6331aa16fcbea9cd9bd168ba3f515b - Test case failed </span>
        </td>
      </tr>
  </tbody>
</table>
</div>
          </div>
        </li>
        <li class="test-item"  status="fail" test-id="9"
          author=""
          tag=""
          device="">
          <div class="test-detail">
            <p class="name">Test case method : sendVideoToCoworker</p>
            <p class="text-sm">
              <span>10:00:27 am</span> / <span>00:00:00:110</span>
              <span class="badge fail-bg log float-right">Fail</span>
            </p>
          </div>
          <div class="test-contents d-none">
<div class="detail-head">
<div class="p-v-10">
<div class="info">
<h5 class="test-status text-fail">Test case method : sendVideoToCoworker</h5>
<span class='badge badge-success'>09.26.2025 10:00:27 am</span>
<span class='badge badge-danger'>09.26.2025 10:00:27 am</span>
<span class='badge badge-default'>00:00:00:110</span>
&middot; <span class='uri-anchor badge badge-default'>#test-id=9</span>
<span title='Skip to the next failed step' class='badge badge-danger pointer float-right ne ml-1'><i class="fa fa-fast-forward"></i></span>
<span title='Collapse all nodes' class='badge badge-default pointer float-right ct ml-1'><i class="fa fa-compress"></i></span>
<span title='Expand all nodes' class='badge badge-default pointer float-right et'><i class="fa fa-expand"></i></span>
</div>
</div>
</div>    <div class="row mb-3"><div class="col-md-3">
    

<img data-featherlight='C:\ProgramData\Jenkins\.jenkins\workspace\Endlink_Web_Automation\test-output\screenshots\sendVideoToCoworker_2025.09.26.10.00.27.png' src="C:\ProgramData\Jenkins\.jenkins\workspace\Endlink_Web_Automation\test-output\screenshots\sendVideoToCoworker_2025.09.26.10.00.27.png">
  
    

    </div></div>
<div class="detail-body mt-4">
<table class="table table-sm">
  <thead><tr><th class="status-col">Status</th><th class="timestamp-col">Timestamp</th><th class="details-col">Details</th></tr></thead>
  <tbody>
      <tr class="event-row">
        <td><span class="badge log fail-bg">Fail</span></td>
        <td>10:00:27 am</td>
        <td>
          <span class='badge white-text red'>sendVideoToCoworker - Test case failed </span>
        </td>
      </tr>
      <tr class="event-row">
        <td><span class="badge log fail-bg">Fail</span></td>
        <td>10:00:27 am</td>
        <td>
          <span class='badge white-text red'>org.openqa.selenium.InvalidArgumentException: invalid argument: File not found : /Users/prathameshingale/Desktop/Endlink Automation/Endlink_WebAutomation/src/test/resources/TestFile.pdf
  (Session info: chrome=140.0.7339.207)
Build info: version: '4.25.0', revision: '8a8aea2337'
System info: os.name: 'Windows 11', os.arch: 'amd64', os.version: '10.0', java.version: '21.0.1'
Driver info: org.openqa.selenium.chrome.ChromeDriver
Command: [8c6331aa16fcbea9cd9bd168ba3f515b, sendKeysToElement {id=f.9648DFF93E0817805748FA4F498B5D6A.d.1EC9D6A4A52AA8E107C84AB83C02A25B.e.1044, value=[Ljava.lang.CharSequence;@37e7c4cc}]
Capabilities {acceptInsecureCerts: false, browserName: chrome, browserVersion: 140.0.7339.207, chrome: {chromedriverVersion: 140.0.7339.207 (17230b545fd..., userDataDir: C:\WINDOWS\SystemTemp\scope...}, fedcm:accounts: true, goog:chromeOptions: {debuggerAddress: localhost:58961}, networkConnectionEnabled: false, pageLoadStrategy: normal, platformName: windows, proxy: Proxy(), se:cdp: ws://localhost:58961/devtoo..., se:cdpVersion: 140.0.7339.207, setWindowRect: true, strictFileInteractability: false, timeouts: {implicit: 0, pageLoad: 300000, script: 30000}, unhandledPromptBehavior: dismiss and notify, webauthn:extension:credBlob: true, webauthn:extension:largeBlob: true, webauthn:extension:minPinLength: true, webauthn:extension:prf: true, webauthn:virtualAuthenticators: true}
Element: [[ChromeDriver: chrome on windows (8c6331aa16fcbea9cd9bd168ba3f515b)] -> id: video-input]
Session ID: 8c6331aa16fcbea9cd9bd168ba3f515b - Test case failed </span>
        </td>
      </tr>
  </tbody>
</table>
</div>
          </div>
        </li>
        <li class="test-item"  status="fail" test-id="10"
          author=""
          tag=""
          device="">
          <div class="test-detail">
            <p class="name">Test case method : searchFunction</p>
            <p class="text-sm">
              <span>10:00:45 am</span> / <span>00:00:00:064</span>
              <span class="badge fail-bg log float-right">Fail</span>
            </p>
          </div>
          <div class="test-contents d-none">
<div class="detail-head">
<div class="p-v-10">
<div class="info">
<h5 class="test-status text-fail">Test case method : searchFunction</h5>
<span class='badge badge-success'>09.26.2025 10:00:45 am</span>
<span class='badge badge-danger'>09.26.2025 10:00:45 am</span>
<span class='badge badge-default'>00:00:00:064</span>
&middot; <span class='uri-anchor badge badge-default'>#test-id=10</span>
<span title='Skip to the next failed step' class='badge badge-danger pointer float-right ne ml-1'><i class="fa fa-fast-forward"></i></span>
<span title='Collapse all nodes' class='badge badge-default pointer float-right ct ml-1'><i class="fa fa-compress"></i></span>
<span title='Expand all nodes' class='badge badge-default pointer float-right et'><i class="fa fa-expand"></i></span>
</div>
</div>
</div>    <div class="row mb-3"><div class="col-md-3">
    

<img data-featherlight='C:\ProgramData\Jenkins\.jenkins\workspace\Endlink_Web_Automation\test-output\screenshots\searchFunction_2025.09.26.10.00.45.png' src="C:\ProgramData\Jenkins\.jenkins\workspace\Endlink_Web_Automation\test-output\screenshots\searchFunction_2025.09.26.10.00.45.png">
  
    

    </div></div>
<div class="detail-body mt-4">
<table class="table table-sm">
  <thead><tr><th class="status-col">Status</th><th class="timestamp-col">Timestamp</th><th class="details-col">Details</th></tr></thead>
  <tbody>
      <tr class="event-row">
        <td><span class="badge log skip-bg">Skip</span></td>
        <td>10:00:45 am</td>
        <td>
          <span class='badge white-text orange'>searchFunction - Test case skipped </span>
        </td>
      </tr>
      <tr class="event-row">
        <td><span class="badge log fail-bg">Fail</span></td>
        <td>10:00:45 am</td>
        <td>
          <span class='badge white-text orange'>org.openqa.selenium.StaleElementReferenceException: stale element reference: stale element not found in the current frame
  (Session info: chrome=140.0.7339.207)
For documentation on this error, please visit: https://www.selenium.dev/documentation/webdriver/troubleshooting/errors#stale-element-reference-exception
Build info: version: '4.25.0', revision: '8a8aea2337'
System info: os.name: 'Windows 11', os.arch: 'amd64', os.version: '10.0', java.version: '21.0.1'
Driver info: org.openqa.selenium.chrome.ChromeDriver
Command: [8c6331aa16fcbea9cd9bd168ba3f515b, getElementText {id=f.9648DFF93E0817805748FA4F498B5D6A.d.8B0289B39F8B21114499C6EF18E74569.e.1116}]
Capabilities {acceptInsecureCerts: false, browserName: chrome, browserVersion: 140.0.7339.207, chrome: {chromedriverVersion: 140.0.7339.207 (17230b545fd..., userDataDir: C:\WINDOWS\SystemTemp\scope...}, fedcm:accounts: true, goog:chromeOptions: {debuggerAddress: localhost:58961}, networkConnectionEnabled: false, pageLoadStrategy: normal, platformName: windows, proxy: Proxy(), se:cdp: ws://localhost:58961/devtoo..., se:cdpVersion: 140.0.7339.207, setWindowRect: true, strictFileInteractability: false, timeouts: {implicit: 0, pageLoad: 300000, script: 30000}, unhandledPromptBehavior: dismiss and notify, webauthn:extension:credBlob: true, webauthn:extension:largeBlob: true, webauthn:extension:minPinLength: true, webauthn:extension:prf: true, webauthn:virtualAuthenticators: true}
Element: [[ChromeDriver: chrome on windows (8c6331aa16fcbea9cd9bd168ba3f515b)] -> xpath: //div[@class='src-components-rows-search-___search-m__wrapper___1LUwm']//div//div//div//div//div//div//div//div//div//div//div//div]
Session ID: 8c6331aa16fcbea9cd9bd168ba3f515b - Test case failed </span>
        </td>
      </tr>
  </tbody>
</table>
</div>
          </div>
        </li>
        <li class="test-item"  status="fail" test-id="11"
          author=""
          tag=""
          device="">
          <div class="test-detail">
            <p class="name">Test case method : searchFunction</p>
            <p class="text-sm">
              <span>10:01:04 am</span> / <span>00:00:00:064</span>
              <span class="badge fail-bg log float-right">Fail</span>
            </p>
          </div>
          <div class="test-contents d-none">
<div class="detail-head">
<div class="p-v-10">
<div class="info">
<h5 class="test-status text-fail">Test case method : searchFunction</h5>
<span class='badge badge-success'>09.26.2025 10:01:04 am</span>
<span class='badge badge-danger'>09.26.2025 10:01:04 am</span>
<span class='badge badge-default'>00:00:00:064</span>
&middot; <span class='uri-anchor badge badge-default'>#test-id=11</span>
<span title='Skip to the next failed step' class='badge badge-danger pointer float-right ne ml-1'><i class="fa fa-fast-forward"></i></span>
<span title='Collapse all nodes' class='badge badge-default pointer float-right ct ml-1'><i class="fa fa-compress"></i></span>
<span title='Expand all nodes' class='badge badge-default pointer float-right et'><i class="fa fa-expand"></i></span>
</div>
</div>
</div>    <div class="row mb-3"><div class="col-md-3">
    

<img data-featherlight='C:\ProgramData\Jenkins\.jenkins\workspace\Endlink_Web_Automation\test-output\screenshots\searchFunction_2025.09.26.10.01.04.png' src="C:\ProgramData\Jenkins\.jenkins\workspace\Endlink_Web_Automation\test-output\screenshots\searchFunction_2025.09.26.10.01.04.png">
  
    

    </div></div>
<div class="detail-body mt-4">
<table class="table table-sm">
  <thead><tr><th class="status-col">Status</th><th class="timestamp-col">Timestamp</th><th class="details-col">Details</th></tr></thead>
  <tbody>
      <tr class="event-row">
        <td><span class="badge log fail-bg">Fail</span></td>
        <td>10:01:04 am</td>
        <td>
          <span class='badge white-text red'>searchFunction - Test case failed </span>
        </td>
      </tr>
      <tr class="event-row">
        <td><span class="badge log fail-bg">Fail</span></td>
        <td>10:01:04 am</td>
        <td>
          <span class='badge white-text red'>org.openqa.selenium.StaleElementReferenceException: stale element reference: stale element not found in the current frame
  (Session info: chrome=140.0.7339.207)
For documentation on this error, please visit: https://www.selenium.dev/documentation/webdriver/troubleshooting/errors#stale-element-reference-exception
Build info: version: '4.25.0', revision: '8a8aea2337'
System info: os.name: 'Windows 11', os.arch: 'amd64', os.version: '10.0', java.version: '21.0.1'
Driver info: org.openqa.selenium.chrome.ChromeDriver
Command: [8c6331aa16fcbea9cd9bd168ba3f515b, getElementText {id=f.9648DFF93E0817805748FA4F498B5D6A.d.586F20EA5783B8F618BBCA68F2C241ED.e.1224}]
Capabilities {acceptInsecureCerts: false, browserName: chrome, browserVersion: 140.0.7339.207, chrome: {chromedriverVersion: 140.0.7339.207 (17230b545fd..., userDataDir: C:\WINDOWS\SystemTemp\scope...}, fedcm:accounts: true, goog:chromeOptions: {debuggerAddress: localhost:58961}, networkConnectionEnabled: false, pageLoadStrategy: normal, platformName: windows, proxy: Proxy(), se:cdp: ws://localhost:58961/devtoo..., se:cdpVersion: 140.0.7339.207, setWindowRect: true, strictFileInteractability: false, timeouts: {implicit: 0, pageLoad: 300000, script: 30000}, unhandledPromptBehavior: dismiss and notify, webauthn:extension:credBlob: true, webauthn:extension:largeBlob: true, webauthn:extension:minPinLength: true, webauthn:extension:prf: true, webauthn:virtualAuthenticators: true}
Element: [[ChromeDriver: chrome on windows (8c6331aa16fcbea9cd9bd168ba3f515b)] -> xpath: //div[@class='src-components-rows-search-___search-m__wrapper___1LUwm']//div//div//div//div//div//div//div//div//div//div//div//div]
Session ID: 8c6331aa16fcbea9cd9bd168ba3f515b - Test case failed </span>
        </td>
      </tr>
  </tbody>
</table>
</div>
          </div>
        </li>
      </ul>
    </div>
  </div>
<div class="test-content scrollable">
<div class="test-content-tools">
<ul><li><a class="back-to-test" href="#"><i class="fa fa-arrow-left"></i></a></li></ul>
</div>
<div class="test-content-detail"><div class="detail-body"></div></div>
</div></div>
<div class="container-fluid p-4 view dashboard-view">
<div class="row">
<div class="col-md-3">
<div class="card"><div class="card-body">
<p class="m-b-0">Started</p>
<h3>Sept 26, 2025 09:56:06 am</h3>
</div></div>
</div>
<div class="col-md-3">
<div class="card"><div class="card-body">
<p class="m-b-0">Ended</p>
<h3>Sept 26, 2025 10:01:07 am</h3>
</div></div>
</div>
<div class="col-md-3">
<div class="card"><div class="card-body">
<p class="m-b-0 text-pass">Tests Passed</p>
<h3>2</h3>
</div></div>
</div>
<div class="col-md-3">
<div class="card"><div class="card-body">
<p class="m-b-0 text-fail">Tests Failed</p>
<h3>9</h3>
</div></div>
</div>
</div>
<div class="row">
<div class="col-md-6">
<div class="card">
<div class="card-header">
<h6 class="card-title">Tests</h6>
</div>
<div class="card-body">
<div class="">
<canvas id='parent-analysis' width='115' height='90'></canvas>
</div>
</div>
<div class="card-footer">
<div><small data-tooltip='18%'>
<b>2</b> tests passed
</small>
</div>
<div>
<small data-tooltip='81%'><b>9</b> tests failed,
<b>0</b> skipped, <b data-tooltip='0%'>0</b> others
</small>
</div>
</div>
</div>
</div>
<div class="col-md-6">
<div class="card">
<div class="card-header">
<h6 class="card-title">Log events</h6>
</div>
<div class="card-body">
<div class="">
<canvas id='events-analysis' width='115' height='90'></canvas>
</div>
</div>
<div class="card-footer">
<div><small data-tooltip='10%'><b>2</b> events passed</small></div>
<div>
<small data-tooltip='65%'><b>13</b> events failed,
<b data-tooltip='%'>5</b> others
</small>
</div>
</div>
</div>
</div>
</div>
<div class="row"><div class="col-md-12">
<div class="card"><div class="card-header"><p>Timeline</p></div>
<div class="card-body pt-0"><div>
<canvas id="timeline" height="120"></canvas>
</div></div>
</div>
</div></div>
<script>
var timeline = {
"Test case method : sendMessageToCoworker":0.094,"Test case method : sendMessageToCoworker":0.115,"Test case method : sendMessageInGroup":0.071,"Test case method : sendPdfToCoworker":0.099,"Test case method : sendPdfToCoworker":0.112,"Test case method : sendImageToCoworker":0.131,"Test case method : sendImageToCoworker":0.134,"Test case method : sendVideoToCoworker":0.106,"Test case method : sendVideoToCoworker":0.11,"Test case method : searchFunction":0.064,"Test case method : searchFunction":0.064
};
</script>
<div class="row">
<div class="col-lg-6 col-md-12 sysenv-container">
<div class="card">
<div class="card-header"><p>System/Environment</p></div>
<div class="card-body pb-0 pt-0"><table class="table table-sm table-bordered">
<thead><tr class="bg-gray"><th>Name</th><th>Value</th></tr></thead>
<tbody>
<tr>
<td>Application</td>
<td>Endlink webapp </td>
</tr>
<tr>
<td>Environment</td>
<td>QA Environment</td>
</tr>
<tr>
<td>User Name</td>
<td>OMKAR$</td>
</tr>
<tr>
<td>OS</td>
<td>MAC</td>
</tr>
<tr>
<td>Browser</td>
<td>chrome</td>
</tr>
</tbody>
</table></div>
</div>
</div>
</div>
</div>
<script>
var statusGroup = {
parentCount: 5,
passParent: 2,
failParent: 9,
warningParent: 0,
skipParent: 0,
childCount: 5,
passChild: 0,
failChild: 0,
warningChild: 0,
skipChild: 0,
infoChild: 0,
grandChildCount: 5,
passGrandChild: 0,
failGrandChild: 0,
warningGrandChild: 0,
skipGrandChild: 0,
infoGrandChild: 0,
eventsCount: 5,
passEvents: 2,
failEvents: 13,
warningEvents: 0,
skipEvents: 5,
infoEvents: 0
};
</script>        </div>
      </div>
    </div>
  </div>
<script src="https://cdn.jsdelivr.net/gh/extent-framework/extent-github-cdn@c05cd28cde1617b9d0c05a831daff6cb97fd9fd5/spark/js/spark-script.js"></script>
<script type="text/javascript"></script></body>
</html>