

<!DOCTYPE html>
<html>
<head>
<meta charset="UTF-8">
<meta name="viewport" content="width=device-width, initial-scale=1, shrink-to-fit=no">
<title>Automation Endlink Webapp</title>
<link rel="apple-touch-icon" href="https://cdn.jsdelivr.net/gh/extent-framework/extent-github-cdn@b00a2d0486596e73dd7326beacf352c639623a0e/commons/img/logo.png">
<link rel="shortcut icon" href="https://cdn.jsdelivr.net/gh/extent-framework/extent-github-cdn@b00a2d0486596e73dd7326beacf352c639623a0e/commons/img/logo.png">
<link href="https://cdn.jsdelivr.net/gh/extent-framework/extent-github-cdn@ce8b10435bcbae260c334c0d0c6b61d2c19b6168/spark/css/spark-style.css" rel="stylesheet" />
<link href="https://stackpath.bootstrapcdn.com/font-awesome/4.7.0/css/font-awesome.min.css" rel="stylesheet">
<script src="https://cdn.jsdelivr.net/gh/extent-framework/extent-github-cdn@7cc78ce/spark/js/jsontree.js"></script>
<style type="text/css"></style></head><body class="spa -report dark">
  <div class="app">
    <div class="layout">
<div class="header navbar">
<div class="vheader">
<div class="nav-logo">
<a href="#">
<div class="logo" style="background-image: url('https://cdn.jsdelivr.net/gh/extent-framework/extent-github-cdn@b00a2d0486596e73dd7326beacf352c639623a0e/commons/img/logo.png')"></div>
</a>
</div>
<ul class="nav-left">
<li class="search-box">
<a class="search-toggle" href="#">
<i class="search-icon fa fa-search"></i>
<i class="search-icon-close fa fa-close"></i>
</a>
</li>
<li class="search-input"><input id="search-tests" class="form-control" type="text" placeholder="Search..."></li>
</ul>
<ul class="nav-right">
<li class="m-r-10">
<a href="#"><span class="badge badge-primary">Automation tests results by Endlink QA Team</span></a>
</li>
<li class="m-r-10">
<a href="#"><span class="badge badge-primary">Sept 29, 2025 09:56:36 am</span></a>
</li>
</ul>
</div>
</div><div class="side-nav">
<div class="side-nav-inner">
<ul class="side-nav-menu">
<li class="nav-item dropdown" onclick="toggleView('test-view')">
<a id="nav-test" class="dropdown-toggle" href="#">
<span class="ico"><i class="fa fa-list"></i></span>
</a>
</li>
<li class="nav-item dropdown" onclick="toggleView('dashboard-view')">
<a id="nav-dashboard" class="dropdown-toggle" href="#">
<span class="ico"><i class="fa fa-bar-chart"></i></span>
</a>
</li>
</ul>
</div>
</div>      <div class="vcontainer">
        <div class="main-content">
<div class="test-wrapper row view test-view">
  <div class="test-list">
    <div class="test-list-tools">
<ul class="tools pull-left">
<li><a href="#"><span class="font-size-14">Tests</span></a></li>
</ul>
<ul class="tools text-right">
<li class="dropdown">
<a href="#" class="dropdown-toggle" data-toggle="dropdown"><i class="fa fa-exclamation-circle"></i></a>
<ul id="status-toggle" class="dropdown-menu dropdown-md p-v-0">
<a class="dropdown-item" status="pass" href="#"><span>Pass</span><span class="status success"></span></a>
<a class="dropdown-item" status="fail" href="#"><span>Fail</span><span class="status danger"></span></a>
<div class="dropdown-divider"></div>
<a status="clear" class="dropdown-item" href="#"><span>Clear</span><span class="pull-right"><i class="fa fa-close"></i></span></a>
</ul>
</li>
</ul>
</div>    <div class="test-list-wrapper scrollable">
      <ul class="test-list-item">
        <li class="test-item"  status="fail" test-id="1"
          author=""
          tag=""
          device="">
          <div class="test-detail">
            <p class="name">Test case method : sendMessageToCoworker</p>
            <p class="text-sm">
              <span>9:57:01 am</span> / <span>00:00:00:155</span>
              <span class="badge fail-bg log float-right">Fail</span>
            </p>
          </div>
          <div class="test-contents d-none">
<div class="detail-head">
<div class="p-v-10">
<div class="info">
<h5 class="test-status text-fail">Test case method : sendMessageToCoworker</h5>
<span class='badge badge-success'>09.29.2025 9:57:01 am</span>
<span class='badge badge-danger'>09.29.2025 9:57:01 am</span>
<span class='badge badge-default'>00:00:00:155</span>
&middot; <span class='uri-anchor badge badge-default'>#test-id=1</span>
<span title='Skip to the next failed step' class='badge badge-danger pointer float-right ne ml-1'><i class="fa fa-fast-forward"></i></span>
<span title='Collapse all nodes' class='badge badge-default pointer float-right ct ml-1'><i class="fa fa-compress"></i></span>
<span title='Expand all nodes' class='badge badge-default pointer float-right et'><i class="fa fa-expand"></i></span>
</div>
</div>
</div>    <div class="row mb-3"><div class="col-md-3">
    

<img data-featherlight='C:\ProgramData\Jenkins\.jenkins\workspace\Endlink_Web_Automation\test-output\screenshots\sendMessageToCoworker_2025.09.29.09.57.01.png' src="C:\ProgramData\Jenkins\.jenkins\workspace\Endlink_Web_Automation\test-output\screenshots\sendMessageToCoworker_2025.09.29.09.57.01.png">
  
    

    </div></div>
<div class="detail-body mt-4">
<table class="table table-sm">
  <thead><tr><th class="status-col">Status</th><th class="timestamp-col">Timestamp</th><th class="details-col">Details</th></tr></thead>
  <tbody>
      <tr class="event-row">
        <td><span class="badge log skip-bg">Skip</span></td>
        <td>9:57:01 am</td>
        <td>
          <span class='badge white-text orange'>sendMessageToCoworker - Test case skipped </span>
        </td>
      </tr>
      <tr class="event-row">
        <td><span class="badge log fail-bg">Fail</span></td>
        <td>9:57:01 am</td>
        <td>
          <span class='badge white-text orange'>org.openqa.selenium.NoSuchElementException: no such element: Unable to locate element: {"method":"xpath","selector":"//div[@class='src-components-molecules-searchrecipient-___searchrecipient-m__name___3Y21z']"}
  (Session info: chrome=140.0.7339.207)
For documentation on this error, please visit: https://www.selenium.dev/documentation/webdriver/troubleshooting/errors#no-such-element-exception
Build info: version: '4.25.0', revision: '8a8aea2337'
System info: os.name: 'Windows 11', os.arch: 'amd64', os.version: '10.0', java.version: '21.0.1'
Driver info: org.openqa.selenium.chrome.ChromeDriver
Command: [cc7f75c2e184939f8ef9c270ddfbb3e2, findElement {value=//div[@class='src-components-molecules-searchrecipient-___searchrecipient-m__name___3Y21z'], using=xpath}]
Capabilities {acceptInsecureCerts: false, browserName: chrome, browserVersion: 140.0.7339.207, chrome: {chromedriverVersion: 140.0.7339.207 (17230b545fd..., userDataDir: C:\WINDOWS\SystemTemp\scope...}, fedcm:accounts: true, goog:chromeOptions: {debuggerAddress: localhost:61015}, networkConnectionEnabled: false, pageLoadStrategy: normal, platformName: windows, proxy: Proxy(), se:cdp: ws://localhost:61015/devtoo..., se:cdpVersion: 140.0.7339.207, setWindowRect: true, strictFileInteractability: false, timeouts: {implicit: 0, pageLoad: 300000, script: 30000}, unhandledPromptBehavior: dismiss and notify, webauthn:extension:credBlob: true, webauthn:extension:largeBlob: true, webauthn:extension:minPinLength: true, webauthn:extension:prf: true, webauthn:virtualAuthenticators: true}
Session ID: cc7f75c2e184939f8ef9c270ddfbb3e2 - Test case failed </span>
        </td>
      </tr>
  </tbody>
</table>
</div>
          </div>
        </li>
        <li class="test-item"  status="pass" test-id="2"
          author=""
          tag=""
          device="">
          <div class="test-detail">
            <p class="name">Test case method : sendMessageToCoworker</p>
            <p class="text-sm">
              <span>9:57:42 am</span> / <span>00:00:00:127</span>
              <span class="badge pass-bg log float-right">Pass</span>
            </p>
          </div>
          <div class="test-contents d-none">
<div class="detail-head">
<div class="p-v-10">
<div class="info">
<h5 class="test-status text-pass">Test case method : sendMessageToCoworker</h5>
<span class='badge badge-success'>09.29.2025 9:57:42 am</span>
<span class='badge badge-danger'>09.29.2025 9:57:42 am</span>
<span class='badge badge-default'>00:00:00:127</span>
&middot; <span class='uri-anchor badge badge-default'>#test-id=2</span>
<span title='Skip to the next failed step' class='badge badge-danger pointer float-right ne ml-1'><i class="fa fa-fast-forward"></i></span>
<span title='Collapse all nodes' class='badge badge-default pointer float-right ct ml-1'><i class="fa fa-compress"></i></span>
<span title='Expand all nodes' class='badge badge-default pointer float-right et'><i class="fa fa-expand"></i></span>
</div>
</div>
</div>    <div class="row mb-3"><div class="col-md-3">
    

<img data-featherlight='C:\ProgramData\Jenkins\.jenkins\workspace\Endlink_Web_Automation\test-output\screenshots\sendMessageToCoworker_2025.09.29.09.57.42.png' src="C:\ProgramData\Jenkins\.jenkins\workspace\Endlink_Web_Automation\test-output\screenshots\sendMessageToCoworker_2025.09.29.09.57.42.png">
  
    

    </div></div>
<div class="detail-body mt-4">
<table class="table table-sm">
  <thead><tr><th class="status-col">Status</th><th class="timestamp-col">Timestamp</th><th class="details-col">Details</th></tr></thead>
  <tbody>
      <tr class="event-row">
        <td><span class="badge log pass-bg">Pass</span></td>
        <td>9:57:42 am</td>
        <td>
          <span class='badge white-text green'>sendMessageToCoworker - Test case passed </span>
        </td>
      </tr>
  </tbody>
</table>
</div>
          </div>
        </li>
        <li class="test-item"  status="pass" test-id="3"
          author=""
          tag=""
          device="">
          <div class="test-detail">
            <p class="name">Test case method : sendMessageInGroup</p>
            <p class="text-sm">
              <span>9:58:18 am</span> / <span>00:00:00:080</span>
              <span class="badge pass-bg log float-right">Pass</span>
            </p>
          </div>
          <div class="test-contents d-none">
<div class="detail-head">
<div class="p-v-10">
<div class="info">
<h5 class="test-status text-pass">Test case method : sendMessageInGroup</h5>
<span class='badge badge-success'>09.29.2025 9:58:18 am</span>
<span class='badge badge-danger'>09.29.2025 9:58:18 am</span>
<span class='badge badge-default'>00:00:00:080</span>
&middot; <span class='uri-anchor badge badge-default'>#test-id=3</span>
<span title='Skip to the next failed step' class='badge badge-danger pointer float-right ne ml-1'><i class="fa fa-fast-forward"></i></span>
<span title='Collapse all nodes' class='badge badge-default pointer float-right ct ml-1'><i class="fa fa-compress"></i></span>
<span title='Expand all nodes' class='badge badge-default pointer float-right et'><i class="fa fa-expand"></i></span>
</div>
</div>
</div>    <div class="row mb-3"><div class="col-md-3">
    

<img data-featherlight='C:\ProgramData\Jenkins\.jenkins\workspace\Endlink_Web_Automation\test-output\screenshots\sendMessageInGroup_2025.09.29.09.58.18.png' src="C:\ProgramData\Jenkins\.jenkins\workspace\Endlink_Web_Automation\test-output\screenshots\sendMessageInGroup_2025.09.29.09.58.18.png">
  
    

    </div></div>
<div class="detail-body mt-4">
<table class="table table-sm">
  <thead><tr><th class="status-col">Status</th><th class="timestamp-col">Timestamp</th><th class="details-col">Details</th></tr></thead>
  <tbody>
      <tr class="event-row">
        <td><span class="badge log pass-bg">Pass</span></td>
        <td>9:58:18 am</td>
        <td>
          <span class='badge white-text green'>sendMessageInGroup - Test case passed </span>
        </td>
      </tr>
  </tbody>
</table>
</div>
          </div>
        </li>
        <li class="test-item"  status="fail" test-id="4"
          author=""
          tag=""
          device="">
          <div class="test-detail">
            <p class="name">Test case method : sendPdfToCoworker</p>
            <p class="text-sm">
              <span>9:58:37 am</span> / <span>00:00:00:094</span>
              <span class="badge fail-bg log float-right">Fail</span>
            </p>
          </div>
          <div class="test-contents d-none">
<div class="detail-head">
<div class="p-v-10">
<div class="info">
<h5 class="test-status text-fail">Test case method : sendPdfToCoworker</h5>
<span class='badge badge-success'>09.29.2025 9:58:37 am</span>
<span class='badge badge-danger'>09.29.2025 9:58:37 am</span>
<span class='badge badge-default'>00:00:00:094</span>
&middot; <span class='uri-anchor badge badge-default'>#test-id=4</span>
<span title='Skip to the next failed step' class='badge badge-danger pointer float-right ne ml-1'><i class="fa fa-fast-forward"></i></span>
<span title='Collapse all nodes' class='badge badge-default pointer float-right ct ml-1'><i class="fa fa-compress"></i></span>
<span title='Expand all nodes' class='badge badge-default pointer float-right et'><i class="fa fa-expand"></i></span>
</div>
</div>
</div>    <div class="row mb-3"><div class="col-md-3">
    

<img data-featherlight='C:\ProgramData\Jenkins\.jenkins\workspace\Endlink_Web_Automation\test-output\screenshots\sendPdfToCoworker_2025.09.29.09.58.37.png' src="C:\ProgramData\Jenkins\.jenkins\workspace\Endlink_Web_Automation\test-output\screenshots\sendPdfToCoworker_2025.09.29.09.58.37.png">
  
    

    </div></div>
<div class="detail-body mt-4">
<table class="table table-sm">
  <thead><tr><th class="status-col">Status</th><th class="timestamp-col">Timestamp</th><th class="details-col">Details</th></tr></thead>
  <tbody>
      <tr class="event-row">
        <td><span class="badge log skip-bg">Skip</span></td>
        <td>9:58:37 am</td>
        <td>
          <span class='badge white-text orange'>sendPdfToCoworker - Test case skipped </span>
        </td>
      </tr>
      <tr class="event-row">
        <td><span class="badge log fail-bg">Fail</span></td>
        <td>9:58:37 am</td>
        <td>
          <span class='badge white-text orange'>org.openqa.selenium.StaleElementReferenceException: stale element reference: stale element not found in the current frame
  (Session info: chrome=140.0.7339.207)
For documentation on this error, please visit: https://www.selenium.dev/documentation/webdriver/troubleshooting/errors#stale-element-reference-exception
Build info: version: '4.25.0', revision: '8a8aea2337'
System info: os.name: 'Windows 11', os.arch: 'amd64', os.version: '10.0', java.version: '21.0.1'
Driver info: org.openqa.selenium.chrome.ChromeDriver
Command: [cc7f75c2e184939f8ef9c270ddfbb3e2, isElementDisplayed {id=f.16DAA02C37C9E4B502748E641F7D7DBA.d.328015B5946D084E8AD793CEA0700249.e.450}]
Capabilities {acceptInsecureCerts: false, browserName: chrome, browserVersion: 140.0.7339.207, chrome: {chromedriverVersion: 140.0.7339.207 (17230b545fd..., userDataDir: C:\WINDOWS\SystemTemp\scope...}, fedcm:accounts: true, goog:chromeOptions: {debuggerAddress: localhost:61015}, networkConnectionEnabled: false, pageLoadStrategy: normal, platformName: windows, proxy: Proxy(), se:cdp: ws://localhost:61015/devtoo..., se:cdpVersion: 140.0.7339.207, setWindowRect: true, strictFileInteractability: false, timeouts: {implicit: 0, pageLoad: 300000, script: 30000}, unhandledPromptBehavior: dismiss and notify, webauthn:extension:credBlob: true, webauthn:extension:largeBlob: true, webauthn:extension:minPinLength: true, webauthn:extension:prf: true, webauthn:virtualAuthenticators: true}
Element: [[ChromeDriver: chrome on windows (cc7f75c2e184939f8ef9c270ddfbb3e2)] -> xpath: //div[@class='src-components-molecules-chattitle-___chattitle-m__chattitle___q9ESc']//span[text()='Little Master Sachin Tendulkar']]
Session ID: cc7f75c2e184939f8ef9c270ddfbb3e2 - Test case failed </span>
        </td>
      </tr>
  </tbody>
</table>
</div>
          </div>
        </li>
        <li class="test-item"  status="fail" test-id="5"
          author=""
          tag=""
          device="">
          <div class="test-detail">
            <p class="name">Test case method : sendPdfToCoworker</p>
            <p class="text-sm">
              <span>9:59:02 am</span> / <span>00:00:00:108</span>
              <span class="badge fail-bg log float-right">Fail</span>
            </p>
          </div>
          <div class="test-contents d-none">
<div class="detail-head">
<div class="p-v-10">
<div class="info">
<h5 class="test-status text-fail">Test case method : sendPdfToCoworker</h5>
<span class='badge badge-success'>09.29.2025 9:59:02 am</span>
<span class='badge badge-danger'>09.29.2025 9:59:02 am</span>
<span class='badge badge-default'>00:00:00:108</span>
&middot; <span class='uri-anchor badge badge-default'>#test-id=5</span>
<span title='Skip to the next failed step' class='badge badge-danger pointer float-right ne ml-1'><i class="fa fa-fast-forward"></i></span>
<span title='Collapse all nodes' class='badge badge-default pointer float-right ct ml-1'><i class="fa fa-compress"></i></span>
<span title='Expand all nodes' class='badge badge-default pointer float-right et'><i class="fa fa-expand"></i></span>
</div>
</div>
</div>    <div class="row mb-3"><div class="col-md-3">
    

<img data-featherlight='C:\ProgramData\Jenkins\.jenkins\workspace\Endlink_Web_Automation\test-output\screenshots\sendPdfToCoworker_2025.09.29.09.59.02.png' src="C:\ProgramData\Jenkins\.jenkins\workspace\Endlink_Web_Automation\test-output\screenshots\sendPdfToCoworker_2025.09.29.09.59.02.png">
  
    

    </div></div>
<div class="detail-body mt-4">
<table class="table table-sm">
  <thead><tr><th class="status-col">Status</th><th class="timestamp-col">Timestamp</th><th class="details-col">Details</th></tr></thead>
  <tbody>
      <tr class="event-row">
        <td><span class="badge log fail-bg">Fail</span></td>
        <td>9:59:02 am</td>
        <td>
          <span class='badge white-text red'>sendPdfToCoworker - Test case failed </span>
        </td>
      </tr>
      <tr class="event-row">
        <td><span class="badge log fail-bg">Fail</span></td>
        <td>9:59:02 am</td>
        <td>
          <span class='badge white-text red'>org.openqa.selenium.InvalidArgumentException: invalid argument: File not found : /Users/prathameshingale/Desktop/Endlink Automation/Endlink_WebAutomation/src/test/resources/TestFile.pdf
  (Session info: chrome=140.0.7339.207)
Build info: version: '4.25.0', revision: '8a8aea2337'
System info: os.name: 'Windows 11', os.arch: 'amd64', os.version: '10.0', java.version: '21.0.1'
Driver info: org.openqa.selenium.chrome.ChromeDriver
Command: [cc7f75c2e184939f8ef9c270ddfbb3e2, sendKeysToElement {value=[Ljava.lang.CharSequence;@433d9680, id=f.16DAA02C37C9E4B502748E641F7D7DBA.d.155CEB5CB7182059BAF1227D9479E13C.e.546}]
Capabilities {acceptInsecureCerts: false, browserName: chrome, browserVersion: 140.0.7339.207, chrome: {chromedriverVersion: 140.0.7339.207 (17230b545fd..., userDataDir: C:\WINDOWS\SystemTemp\scope...}, fedcm:accounts: true, goog:chromeOptions: {debuggerAddress: localhost:61015}, networkConnectionEnabled: false, pageLoadStrategy: normal, platformName: windows, proxy: Proxy(), se:cdp: ws://localhost:61015/devtoo..., se:cdpVersion: 140.0.7339.207, setWindowRect: true, strictFileInteractability: false, timeouts: {implicit: 0, pageLoad: 300000, script: 30000}, unhandledPromptBehavior: dismiss and notify, webauthn:extension:credBlob: true, webauthn:extension:largeBlob: true, webauthn:extension:minPinLength: true, webauthn:extension:prf: true, webauthn:virtualAuthenticators: true}
Element: [[ChromeDriver: chrome on windows (cc7f75c2e184939f8ef9c270ddfbb3e2)] -> id: file-input]
Session ID: cc7f75c2e184939f8ef9c270ddfbb3e2 - Test case failed </span>
        </td>
      </tr>
  </tbody>
</table>
</div>
          </div>
        </li>
        <li class="test-item"  status="fail" test-id="6"
          author=""
          tag=""
          device="">
          <div class="test-detail">
            <p class="name">Test case method : sendImageToCoworker</p>
            <p class="text-sm">
              <span>9:59:28 am</span> / <span>00:00:00:107</span>
              <span class="badge fail-bg log float-right">Fail</span>
            </p>
          </div>
          <div class="test-contents d-none">
<div class="detail-head">
<div class="p-v-10">
<div class="info">
<h5 class="test-status text-fail">Test case method : sendImageToCoworker</h5>
<span class='badge badge-success'>09.29.2025 9:59:28 am</span>
<span class='badge badge-danger'>09.29.2025 9:59:28 am</span>
<span class='badge badge-default'>00:00:00:107</span>
&middot; <span class='uri-anchor badge badge-default'>#test-id=6</span>
<span title='Skip to the next failed step' class='badge badge-danger pointer float-right ne ml-1'><i class="fa fa-fast-forward"></i></span>
<span title='Collapse all nodes' class='badge badge-default pointer float-right ct ml-1'><i class="fa fa-compress"></i></span>
<span title='Expand all nodes' class='badge badge-default pointer float-right et'><i class="fa fa-expand"></i></span>
</div>
</div>
</div>    <div class="row mb-3"><div class="col-md-3">
    

<img data-featherlight='C:\ProgramData\Jenkins\.jenkins\workspace\Endlink_Web_Automation\test-output\screenshots\sendImageToCoworker_2025.09.29.09.59.28.png' src="C:\ProgramData\Jenkins\.jenkins\workspace\Endlink_Web_Automation\test-output\screenshots\sendImageToCoworker_2025.09.29.09.59.28.png">
  
    

    </div></div>
<div class="detail-body mt-4">
<table class="table table-sm">
  <thead><tr><th class="status-col">Status</th><th class="timestamp-col">Timestamp</th><th class="details-col">Details</th></tr></thead>
  <tbody>
      <tr class="event-row">
        <td><span class="badge log skip-bg">Skip</span></td>
        <td>9:59:28 am</td>
        <td>
          <span class='badge white-text orange'>sendImageToCoworker - Test case skipped </span>
        </td>
      </tr>
      <tr class="event-row">
        <td><span class="badge log fail-bg">Fail</span></td>
        <td>9:59:28 am</td>
        <td>
          <span class='badge white-text orange'>org.openqa.selenium.InvalidArgumentException: invalid argument: File not found : /Users/prathameshingale/Desktop/Endlink Automation/Endlink_WebAutomation/src/test/resources/TestFile.pdf
  (Session info: chrome=140.0.7339.207)
Build info: version: '4.25.0', revision: '8a8aea2337'
System info: os.name: 'Windows 11', os.arch: 'amd64', os.version: '10.0', java.version: '21.0.1'
Driver info: org.openqa.selenium.chrome.ChromeDriver
Command: [cc7f75c2e184939f8ef9c270ddfbb3e2, sendKeysToElement {value=[Ljava.lang.CharSequence;@a54acec, id=f.16DAA02C37C9E4B502748E641F7D7DBA.d.972534F80AB83D8411F193610F70A0EC.e.672}]
Capabilities {acceptInsecureCerts: false, browserName: chrome, browserVersion: 140.0.7339.207, chrome: {chromedriverVersion: 140.0.7339.207 (17230b545fd..., userDataDir: C:\WINDOWS\SystemTemp\scope...}, fedcm:accounts: true, goog:chromeOptions: {debuggerAddress: localhost:61015}, networkConnectionEnabled: false, pageLoadStrategy: normal, platformName: windows, proxy: Proxy(), se:cdp: ws://localhost:61015/devtoo..., se:cdpVersion: 140.0.7339.207, setWindowRect: true, strictFileInteractability: false, timeouts: {implicit: 0, pageLoad: 300000, script: 30000}, unhandledPromptBehavior: dismiss and notify, webauthn:extension:credBlob: true, webauthn:extension:largeBlob: true, webauthn:extension:minPinLength: true, webauthn:extension:prf: true, webauthn:virtualAuthenticators: true}
Element: [[ChromeDriver: chrome on windows (cc7f75c2e184939f8ef9c270ddfbb3e2)] -> id: image-input]
Session ID: cc7f75c2e184939f8ef9c270ddfbb3e2 - Test case failed </span>
        </td>
      </tr>
  </tbody>
</table>
</div>
          </div>
        </li>
        <li class="test-item"  status="fail" test-id="7"
          author=""
          tag=""
          device="">
          <div class="test-detail">
            <p class="name">Test case method : sendImageToCoworker</p>
            <p class="text-sm">
              <span>9:59:54 am</span> / <span>00:00:00:115</span>
              <span class="badge fail-bg log float-right">Fail</span>
            </p>
          </div>
          <div class="test-contents d-none">
<div class="detail-head">
<div class="p-v-10">
<div class="info">
<h5 class="test-status text-fail">Test case method : sendImageToCoworker</h5>
<span class='badge badge-success'>09.29.2025 9:59:54 am</span>
<span class='badge badge-danger'>09.29.2025 9:59:54 am</span>
<span class='badge badge-default'>00:00:00:115</span>
&middot; <span class='uri-anchor badge badge-default'>#test-id=7</span>
<span title='Skip to the next failed step' class='badge badge-danger pointer float-right ne ml-1'><i class="fa fa-fast-forward"></i></span>
<span title='Collapse all nodes' class='badge badge-default pointer float-right ct ml-1'><i class="fa fa-compress"></i></span>
<span title='Expand all nodes' class='badge badge-default pointer float-right et'><i class="fa fa-expand"></i></span>
</div>
</div>
</div>    <div class="row mb-3"><div class="col-md-3">
    

<img data-featherlight='C:\ProgramData\Jenkins\.jenkins\workspace\Endlink_Web_Automation\test-output\screenshots\sendImageToCoworker_2025.09.29.09.59.54.png' src="C:\ProgramData\Jenkins\.jenkins\workspace\Endlink_Web_Automation\test-output\screenshots\sendImageToCoworker_2025.09.29.09.59.54.png">
  
    

    </div></div>
<div class="detail-body mt-4">
<table class="table table-sm">
  <thead><tr><th class="status-col">Status</th><th class="timestamp-col">Timestamp</th><th class="details-col">Details</th></tr></thead>
  <tbody>
      <tr class="event-row">
        <td><span class="badge log fail-bg">Fail</span></td>
        <td>9:59:54 am</td>
        <td>
          <span class='badge white-text red'>sendImageToCoworker - Test case failed </span>
        </td>
      </tr>
      <tr class="event-row">
        <td><span class="badge log fail-bg">Fail</span></td>
        <td>9:59:54 am</td>
        <td>
          <span class='badge white-text red'>org.openqa.selenium.InvalidArgumentException: invalid argument: File not found : /Users/prathameshingale/Desktop/Endlink Automation/Endlink_WebAutomation/src/test/resources/TestFile.pdf
  (Session info: chrome=140.0.7339.207)
Build info: version: '4.25.0', revision: '8a8aea2337'
System info: os.name: 'Windows 11', os.arch: 'amd64', os.version: '10.0', java.version: '21.0.1'
Driver info: org.openqa.selenium.chrome.ChromeDriver
Command: [cc7f75c2e184939f8ef9c270ddfbb3e2, sendKeysToElement {value=[Ljava.lang.CharSequence;@7436364d, id=f.16DAA02C37C9E4B502748E641F7D7DBA.d.3D5FEDEF7AA3D708D9FDB4DD2DB1D6F5.e.796}]
Capabilities {acceptInsecureCerts: false, browserName: chrome, browserVersion: 140.0.7339.207, chrome: {chromedriverVersion: 140.0.7339.207 (17230b545fd..., userDataDir: C:\WINDOWS\SystemTemp\scope...}, fedcm:accounts: true, goog:chromeOptions: {debuggerAddress: localhost:61015}, networkConnectionEnabled: false, pageLoadStrategy: normal, platformName: windows, proxy: Proxy(), se:cdp: ws://localhost:61015/devtoo..., se:cdpVersion: 140.0.7339.207, setWindowRect: true, strictFileInteractability: false, timeouts: {implicit: 0, pageLoad: 300000, script: 30000}, unhandledPromptBehavior: dismiss and notify, webauthn:extension:credBlob: true, webauthn:extension:largeBlob: true, webauthn:extension:minPinLength: true, webauthn:extension:prf: true, webauthn:virtualAuthenticators: true}
Element: [[ChromeDriver: chrome on windows (cc7f75c2e184939f8ef9c270ddfbb3e2)] -> id: image-input]
Session ID: cc7f75c2e184939f8ef9c270ddfbb3e2 - Test case failed </span>
        </td>
      </tr>
  </tbody>
</table>
</div>
          </div>
        </li>
        <li class="test-item"  status="fail" test-id="8"
          author=""
          tag=""
          device="">
          <div class="test-detail">
            <p class="name">Test case method : sendVideoToCoworker</p>
            <p class="text-sm">
              <span>10:00:20 am</span> / <span>00:00:00:121</span>
              <span class="badge fail-bg log float-right">Fail</span>
            </p>
          </div>
          <div class="test-contents d-none">
<div class="detail-head">
<div class="p-v-10">
<div class="info">
<h5 class="test-status text-fail">Test case method : sendVideoToCoworker</h5>
<span class='badge badge-success'>09.29.2025 10:00:20 am</span>
<span class='badge badge-danger'>09.29.2025 10:00:20 am</span>
<span class='badge badge-default'>00:00:00:121</span>
&middot; <span class='uri-anchor badge badge-default'>#test-id=8</span>
<span title='Skip to the next failed step' class='badge badge-danger pointer float-right ne ml-1'><i class="fa fa-fast-forward"></i></span>
<span title='Collapse all nodes' class='badge badge-default pointer float-right ct ml-1'><i class="fa fa-compress"></i></span>
<span title='Expand all nodes' class='badge badge-default pointer float-right et'><i class="fa fa-expand"></i></span>
</div>
</div>
</div>    <div class="row mb-3"><div class="col-md-3">
    

<img data-featherlight='C:\ProgramData\Jenkins\.jenkins\workspace\Endlink_Web_Automation\test-output\screenshots\sendVideoToCoworker_2025.09.29.10.00.20.png' src="C:\ProgramData\Jenkins\.jenkins\workspace\Endlink_Web_Automation\test-output\screenshots\sendVideoToCoworker_2025.09.29.10.00.20.png">
  
    

    </div></div>
<div class="detail-body mt-4">
<table class="table table-sm">
  <thead><tr><th class="status-col">Status</th><th class="timestamp-col">Timestamp</th><th class="details-col">Details</th></tr></thead>
  <tbody>
      <tr class="event-row">
        <td><span class="badge log skip-bg">Skip</span></td>
        <td>10:00:20 am</td>
        <td>
          <span class='badge white-text orange'>sendVideoToCoworker - Test case skipped </span>
        </td>
      </tr>
      <tr class="event-row">
        <td><span class="badge log fail-bg">Fail</span></td>
        <td>10:00:20 am</td>
        <td>
          <span class='badge white-text orange'>org.openqa.selenium.InvalidArgumentException: invalid argument: File not found : /Users/prathameshingale/Desktop/Endlink Automation/Endlink_WebAutomation/src/test/resources/TestFile.pdf
  (Session info: chrome=140.0.7339.207)
Build info: version: '4.25.0', revision: '8a8aea2337'
System info: os.name: 'Windows 11', os.arch: 'amd64', os.version: '10.0', java.version: '21.0.1'
Driver info: org.openqa.selenium.chrome.ChromeDriver
Command: [cc7f75c2e184939f8ef9c270ddfbb3e2, sendKeysToElement {value=[Ljava.lang.CharSequence;@4270b142, id=f.16DAA02C37C9E4B502748E641F7D7DBA.d.AD820A31798075F52D8569932573511C.e.894}]
Capabilities {acceptInsecureCerts: false, browserName: chrome, browserVersion: 140.0.7339.207, chrome: {chromedriverVersion: 140.0.7339.207 (17230b545fd..., userDataDir: C:\WINDOWS\SystemTemp\scope...}, fedcm:accounts: true, goog:chromeOptions: {debuggerAddress: localhost:61015}, networkConnectionEnabled: false, pageLoadStrategy: normal, platformName: windows, proxy: Proxy(), se:cdp: ws://localhost:61015/devtoo..., se:cdpVersion: 140.0.7339.207, setWindowRect: true, strictFileInteractability: false, timeouts: {implicit: 0, pageLoad: 300000, script: 30000}, unhandledPromptBehavior: dismiss and notify, webauthn:extension:credBlob: true, webauthn:extension:largeBlob: true, webauthn:extension:minPinLength: true, webauthn:extension:prf: true, webauthn:virtualAuthenticators: true}
Element: [[ChromeDriver: chrome on windows (cc7f75c2e184939f8ef9c270ddfbb3e2)] -> id: video-input]
Session ID: cc7f75c2e184939f8ef9c270ddfbb3e2 - Test case failed </span>
        </td>
      </tr>
  </tbody>
</table>
</div>
          </div>
        </li>
        <li class="test-item"  status="fail" test-id="9"
          author=""
          tag=""
          device="">
          <div class="test-detail">
            <p class="name">Test case method : sendVideoToCoworker</p>
            <p class="text-sm">
              <span>10:00:45 am</span> / <span>00:00:00:070</span>
              <span class="badge fail-bg log float-right">Fail</span>
            </p>
          </div>
          <div class="test-contents d-none">
<div class="detail-head">
<div class="p-v-10">
<div class="info">
<h5 class="test-status text-fail">Test case method : sendVideoToCoworker</h5>
<span class='badge badge-success'>09.29.2025 10:00:45 am</span>
<span class='badge badge-danger'>09.29.2025 10:00:45 am</span>
<span class='badge badge-default'>00:00:00:070</span>
&middot; <span class='uri-anchor badge badge-default'>#test-id=9</span>
<span title='Skip to the next failed step' class='badge badge-danger pointer float-right ne ml-1'><i class="fa fa-fast-forward"></i></span>
<span title='Collapse all nodes' class='badge badge-default pointer float-right ct ml-1'><i class="fa fa-compress"></i></span>
<span title='Expand all nodes' class='badge badge-default pointer float-right et'><i class="fa fa-expand"></i></span>
</div>
</div>
</div>    <div class="row mb-3"><div class="col-md-3">
    

<img data-featherlight='C:\ProgramData\Jenkins\.jenkins\workspace\Endlink_Web_Automation\test-output\screenshots\sendVideoToCoworker_2025.09.29.10.00.45.png' src="C:\ProgramData\Jenkins\.jenkins\workspace\Endlink_Web_Automation\test-output\screenshots\sendVideoToCoworker_2025.09.29.10.00.45.png">
  
    

    </div></div>
<div class="detail-body mt-4">
<table class="table table-sm">
  <thead><tr><th class="status-col">Status</th><th class="timestamp-col">Timestamp</th><th class="details-col">Details</th></tr></thead>
  <tbody>
      <tr class="event-row">
        <td><span class="badge log fail-bg">Fail</span></td>
        <td>10:00:45 am</td>
        <td>
          <span class='badge white-text red'>sendVideoToCoworker - Test case failed </span>
        </td>
      </tr>
      <tr class="event-row">
        <td><span class="badge log fail-bg">Fail</span></td>
        <td>10:00:45 am</td>
        <td>
          <span class='badge white-text red'>org.openqa.selenium.InvalidArgumentException: invalid argument: File not found : /Users/prathameshingale/Desktop/Endlink Automation/Endlink_WebAutomation/src/test/resources/TestFile.pdf
  (Session info: chrome=140.0.7339.207)
Build info: version: '4.25.0', revision: '8a8aea2337'
System info: os.name: 'Windows 11', os.arch: 'amd64', os.version: '10.0', java.version: '21.0.1'
Driver info: org.openqa.selenium.chrome.ChromeDriver
Command: [cc7f75c2e184939f8ef9c270ddfbb3e2, sendKeysToElement {value=[Ljava.lang.CharSequence;@7ea71fc2, id=f.16DAA02C37C9E4B502748E641F7D7DBA.d.9A0343B48F22162628AF8F0AB05B2B01.e.1019}]
Capabilities {acceptInsecureCerts: false, browserName: chrome, browserVersion: 140.0.7339.207, chrome: {chromedriverVersion: 140.0.7339.207 (17230b545fd..., userDataDir: C:\WINDOWS\SystemTemp\scope...}, fedcm:accounts: true, goog:chromeOptions: {debuggerAddress: localhost:61015}, networkConnectionEnabled: false, pageLoadStrategy: normal, platformName: windows, proxy: Proxy(), se:cdp: ws://localhost:61015/devtoo..., se:cdpVersion: 140.0.7339.207, setWindowRect: true, strictFileInteractability: false, timeouts: {implicit: 0, pageLoad: 300000, script: 30000}, unhandledPromptBehavior: dismiss and notify, webauthn:extension:credBlob: true, webauthn:extension:largeBlob: true, webauthn:extension:minPinLength: true, webauthn:extension:prf: true, webauthn:virtualAuthenticators: true}
Element: [[ChromeDriver: chrome on windows (cc7f75c2e184939f8ef9c270ddfbb3e2)] -> id: video-input]
Session ID: cc7f75c2e184939f8ef9c270ddfbb3e2 - Test case failed </span>
        </td>
      </tr>
  </tbody>
</table>
</div>
          </div>
        </li>
        <li class="test-item"  status="fail" test-id="10"
          author=""
          tag=""
          device="">
          <div class="test-detail">
            <p class="name">Test case method : searchFunction</p>
            <p class="text-sm">
              <span>10:01:04 am</span> / <span>00:00:00:058</span>
              <span class="badge fail-bg log float-right">Fail</span>
            </p>
          </div>
          <div class="test-contents d-none">
<div class="detail-head">
<div class="p-v-10">
<div class="info">
<h5 class="test-status text-fail">Test case method : searchFunction</h5>
<span class='badge badge-success'>09.29.2025 10:01:04 am</span>
<span class='badge badge-danger'>09.29.2025 10:01:04 am</span>
<span class='badge badge-default'>00:00:00:058</span>
&middot; <span class='uri-anchor badge badge-default'>#test-id=10</span>
<span title='Skip to the next failed step' class='badge badge-danger pointer float-right ne ml-1'><i class="fa fa-fast-forward"></i></span>
<span title='Collapse all nodes' class='badge badge-default pointer float-right ct ml-1'><i class="fa fa-compress"></i></span>
<span title='Expand all nodes' class='badge badge-default pointer float-right et'><i class="fa fa-expand"></i></span>
</div>
</div>
</div>    <div class="row mb-3"><div class="col-md-3">
    

<img data-featherlight='C:\ProgramData\Jenkins\.jenkins\workspace\Endlink_Web_Automation\test-output\screenshots\searchFunction_2025.09.29.10.01.04.png' src="C:\ProgramData\Jenkins\.jenkins\workspace\Endlink_Web_Automation\test-output\screenshots\searchFunction_2025.09.29.10.01.04.png">
  
    

    </div></div>
<div class="detail-body mt-4">
<table class="table table-sm">
  <thead><tr><th class="status-col">Status</th><th class="timestamp-col">Timestamp</th><th class="details-col">Details</th></tr></thead>
  <tbody>
      <tr class="event-row">
        <td><span class="badge log skip-bg">Skip</span></td>
        <td>10:01:04 am</td>
        <td>
          <span class='badge white-text orange'>searchFunction - Test case skipped </span>
        </td>
      </tr>
      <tr class="event-row">
        <td><span class="badge log fail-bg">Fail</span></td>
        <td>10:01:04 am</td>
        <td>
          <span class='badge white-text orange'>org.openqa.selenium.StaleElementReferenceException: stale element reference: stale element not found in the current frame
  (Session info: chrome=140.0.7339.207)
For documentation on this error, please visit: https://www.selenium.dev/documentation/webdriver/troubleshooting/errors#stale-element-reference-exception
Build info: version: '4.25.0', revision: '8a8aea2337'
System info: os.name: 'Windows 11', os.arch: 'amd64', os.version: '10.0', java.version: '21.0.1'
Driver info: org.openqa.selenium.chrome.ChromeDriver
Command: [cc7f75c2e184939f8ef9c270ddfbb3e2, getElementText {id=f.16DAA02C37C9E4B502748E641F7D7DBA.d.59DC84F9427E8CF70C15BD5913D65CF4.e.1117}]
Capabilities {acceptInsecureCerts: false, browserName: chrome, browserVersion: 140.0.7339.207, chrome: {chromedriverVersion: 140.0.7339.207 (17230b545fd..., userDataDir: C:\WINDOWS\SystemTemp\scope...}, fedcm:accounts: true, goog:chromeOptions: {debuggerAddress: localhost:61015}, networkConnectionEnabled: false, pageLoadStrategy: normal, platformName: windows, proxy: Proxy(), se:cdp: ws://localhost:61015/devtoo..., se:cdpVersion: 140.0.7339.207, setWindowRect: true, strictFileInteractability: false, timeouts: {implicit: 0, pageLoad: 300000, script: 30000}, unhandledPromptBehavior: dismiss and notify, webauthn:extension:credBlob: true, webauthn:extension:largeBlob: true, webauthn:extension:minPinLength: true, webauthn:extension:prf: true, webauthn:virtualAuthenticators: true}
Element: [[ChromeDriver: chrome on windows (cc7f75c2e184939f8ef9c270ddfbb3e2)] -> xpath: //div[@class='src-components-rows-search-___search-m__wrapper___1LUwm']//div//div//div//div//div//div//div//div//div//div//div//div]
Session ID: cc7f75c2e184939f8ef9c270ddfbb3e2 - Test case failed </span>
        </td>
      </tr>
  </tbody>
</table>
</div>
          </div>
        </li>
        <li class="test-item"  status="fail" test-id="11"
          author=""
          tag=""
          device="">
          <div class="test-detail">
            <p class="name">Test case method : searchFunction</p>
            <p class="text-sm">
              <span>10:01:22 am</span> / <span>00:00:00:070</span>
              <span class="badge fail-bg log float-right">Fail</span>
            </p>
          </div>
          <div class="test-contents d-none">
<div class="detail-head">
<div class="p-v-10">
<div class="info">
<h5 class="test-status text-fail">Test case method : searchFunction</h5>
<span class='badge badge-success'>09.29.2025 10:01:22 am</span>
<span class='badge badge-danger'>09.29.2025 10:01:22 am</span>
<span class='badge badge-default'>00:00:00:070</span>
&middot; <span class='uri-anchor badge badge-default'>#test-id=11</span>
<span title='Skip to the next failed step' class='badge badge-danger pointer float-right ne ml-1'><i class="fa fa-fast-forward"></i></span>
<span title='Collapse all nodes' class='badge badge-default pointer float-right ct ml-1'><i class="fa fa-compress"></i></span>
<span title='Expand all nodes' class='badge badge-default pointer float-right et'><i class="fa fa-expand"></i></span>
</div>
</div>
</div>    <div class="row mb-3"><div class="col-md-3">
    

<img data-featherlight='C:\ProgramData\Jenkins\.jenkins\workspace\Endlink_Web_Automation\test-output\screenshots\searchFunction_2025.09.29.10.01.22.png' src="C:\ProgramData\Jenkins\.jenkins\workspace\Endlink_Web_Automation\test-output\screenshots\searchFunction_2025.09.29.10.01.22.png">
  
    

    </div></div>
<div class="detail-body mt-4">
<table class="table table-sm">
  <thead><tr><th class="status-col">Status</th><th class="timestamp-col">Timestamp</th><th class="details-col">Details</th></tr></thead>
  <tbody>
      <tr class="event-row">
        <td><span class="badge log fail-bg">Fail</span></td>
        <td>10:01:22 am</td>
        <td>
          <span class='badge white-text red'>searchFunction - Test case failed </span>
        </td>
      </tr>
      <tr class="event-row">
        <td><span class="badge log fail-bg">Fail</span></td>
        <td>10:01:22 am</td>
        <td>
          <span class='badge white-text red'>org.openqa.selenium.StaleElementReferenceException: stale element reference: stale element not found in the current frame
  (Session info: chrome=140.0.7339.207)
For documentation on this error, please visit: https://www.selenium.dev/documentation/webdriver/troubleshooting/errors#stale-element-reference-exception
Build info: version: '4.25.0', revision: '8a8aea2337'
System info: os.name: 'Windows 11', os.arch: 'amd64', os.version: '10.0', java.version: '21.0.1'
Driver info: org.openqa.selenium.chrome.ChromeDriver
Command: [cc7f75c2e184939f8ef9c270ddfbb3e2, getElementText {id=f.16DAA02C37C9E4B502748E641F7D7DBA.d.84369CC5467379E6D75C2760A157AE59.e.1225}]
Capabilities {acceptInsecureCerts: false, browserName: chrome, browserVersion: 140.0.7339.207, chrome: {chromedriverVersion: 140.0.7339.207 (17230b545fd..., userDataDir: C:\WINDOWS\SystemTemp\scope...}, fedcm:accounts: true, goog:chromeOptions: {debuggerAddress: localhost:61015}, networkConnectionEnabled: false, pageLoadStrategy: normal, platformName: windows, proxy: Proxy(), se:cdp: ws://localhost:61015/devtoo..., se:cdpVersion: 140.0.7339.207, setWindowRect: true, strictFileInteractability: false, timeouts: {implicit: 0, pageLoad: 300000, script: 30000}, unhandledPromptBehavior: dismiss and notify, webauthn:extension:credBlob: true, webauthn:extension:largeBlob: true, webauthn:extension:minPinLength: true, webauthn:extension:prf: true, webauthn:virtualAuthenticators: true}
Element: [[ChromeDriver: chrome on windows (cc7f75c2e184939f8ef9c270ddfbb3e2)] -> xpath: //div[@class='src-components-rows-search-___search-m__wrapper___1LUwm']//div//div//div//div//div//div//div//div//div//div//div//div]
Session ID: cc7f75c2e184939f8ef9c270ddfbb3e2 - Test case failed </span>
        </td>
      </tr>
  </tbody>
</table>
</div>
          </div>
        </li>
      </ul>
    </div>
  </div>
<div class="test-content scrollable">
<div class="test-content-tools">
<ul><li><a class="back-to-test" href="#"><i class="fa fa-arrow-left"></i></a></li></ul>
</div>
<div class="test-content-detail"><div class="detail-body"></div></div>
</div></div>
<div class="container-fluid p-4 view dashboard-view">
<div class="row">
<div class="col-md-3">
<div class="card"><div class="card-body">
<p class="m-b-0">Started</p>
<h3>Sept 29, 2025 09:56:36 am</h3>
</div></div>
</div>
<div class="col-md-3">
<div class="card"><div class="card-body">
<p class="m-b-0">Ended</p>
<h3>Sept 29, 2025 10:01:26 am</h3>
</div></div>
</div>
<div class="col-md-3">
<div class="card"><div class="card-body">
<p class="m-b-0 text-pass">Tests Passed</p>
<h3>2</h3>
</div></div>
</div>
<div class="col-md-3">
<div class="card"><div class="card-body">
<p class="m-b-0 text-fail">Tests Failed</p>
<h3>9</h3>
</div></div>
</div>
</div>
<div class="row">
<div class="col-md-6">
<div class="card">
<div class="card-header">
<h6 class="card-title">Tests</h6>
</div>
<div class="card-body">
<div class="">
<canvas id='parent-analysis' width='115' height='90'></canvas>
</div>
</div>
<div class="card-footer">
<div><small data-tooltip='18%'>
<b>2</b> tests passed
</small>
</div>
<div>
<small data-tooltip='81%'><b>9</b> tests failed,
<b>0</b> skipped, <b data-tooltip='0%'>0</b> others
</small>
</div>
</div>
</div>
</div>
<div class="col-md-6">
<div class="card">
<div class="card-header">
<h6 class="card-title">Log events</h6>
</div>
<div class="card-body">
<div class="">
<canvas id='events-analysis' width='115' height='90'></canvas>
</div>
</div>
<div class="card-footer">
<div><small data-tooltip='10%'><b>2</b> events passed</small></div>
<div>
<small data-tooltip='65%'><b>13</b> events failed,
<b data-tooltip='%'>5</b> others
</small>
</div>
</div>
</div>
</div>
</div>
<div class="row"><div class="col-md-12">
<div class="card"><div class="card-header"><p>Timeline</p></div>
<div class="card-body pt-0"><div>
<canvas id="timeline" height="120"></canvas>
</div></div>
</div>
</div></div>
<script>
var timeline = {
"Test case method : sendMessageToCoworker":0.155,"Test case method : sendMessageToCoworker":0.127,"Test case method : sendMessageInGroup":0.08,"Test case method : sendPdfToCoworker":0.094,"Test case method : sendPdfToCoworker":0.108,"Test case method : sendImageToCoworker":0.107,"Test case method : sendImageToCoworker":0.115,"Test case method : sendVideoToCoworker":0.121,"Test case method : sendVideoToCoworker":0.07,"Test case method : searchFunction":0.058,"Test case method : searchFunction":0.07
};
</script>
<div class="row">
<div class="col-lg-6 col-md-12 sysenv-container">
<div class="card">
<div class="card-header"><p>System/Environment</p></div>
<div class="card-body pb-0 pt-0"><table class="table table-sm table-bordered">
<thead><tr class="bg-gray"><th>Name</th><th>Value</th></tr></thead>
<tbody>
<tr>
<td>Application</td>
<td>Endlink webapp </td>
</tr>
<tr>
<td>Environment</td>
<td>QA Environment</td>
</tr>
<tr>
<td>User Name</td>
<td>OMKAR$</td>
</tr>
<tr>
<td>OS</td>
<td>MAC</td>
</tr>
<tr>
<td>Browser</td>
<td>chrome</td>
</tr>
</tbody>
</table></div>
</div>
</div>
</div>
</div>
<script>
var statusGroup = {
parentCount: 5,
passParent: 2,
failParent: 9,
warningParent: 0,
skipParent: 0,
childCount: 5,
passChild: 0,
failChild: 0,
warningChild: 0,
skipChild: 0,
infoChild: 0,
grandChildCount: 5,
passGrandChild: 0,
failGrandChild: 0,
warningGrandChild: 0,
skipGrandChild: 0,
infoGrandChild: 0,
eventsCount: 5,
passEvents: 2,
failEvents: 13,
warningEvents: 0,
skipEvents: 5,
infoEvents: 0
};
</script>        </div>
      </div>
    </div>
  </div>
<script src="https://cdn.jsdelivr.net/gh/extent-framework/extent-github-cdn@c05cd28cde1617b9d0c05a831daff6cb97fd9fd5/spark/js/spark-script.js"></script>
<script type="text/javascript"></script></body>
</html>